["login","ls","whoami","describe"]
["login","ls","whoami","describe"]
["login","ls","whoami","describe"]
["login","ls","whoami","describe","redis"]
["login","ls","whoami","describe","redis"]
["login","ls","whoami","describe","redis"]
["login","ls","whoami","describe","redis"]
["login","ls","whoami","describe","redis"]
["login","ls","whoami","describe","redis"]
["login","ls","whoami","describe","redis"]
["login","ls","whoami","describe","redis"]
["login","ls","whoami","describe","redis"]
["login","ls","whoami","describe","redis"]
["login","ls","whoami","describe","redis"]
["login","ls","whoami","describe","redis"]
["login","ls","whoami","describe","redis"]
["login","ls","whoami","describe","redis"]
["login","ls","whoami","describe","redis"]
20150208 12:59:59|["login","ls","whoami","describe","redis"]
20150208 13:00:09|["login","ls","whoami","describe","redis"]
20150208 13:00:09|describe get
20150208 13:06:16|["login","ls","whoami","describe","redis"]
20150208 13:06:16|describe get
20150208 13:06:36|["login","ls","whoami","describe","redis"]
20150208 13:06:36|describe get
20150208 13:06:46|["login","ls","whoami","describe","redis"]
20150208 13:06:46|hello
20150208 13:08:06|["login","ls","whoami","describe","redis"]
20150208 13:08:06|get aaa
20150208 13:08:11|["login","ls","whoami","describe","redis"]
20150208 13:08:11|set aaa bbb
20150208 13:08:20|["login","ls","whoami","describe","redis"]
20150208 13:08:20|get aaa
20150208 13:13:14|["login","ls","whoami","describe","redis"]
20150208 13:13:14|get aaa
20150208 13:13:14|true
20150208 13:13:53|["login","ls","whoami","describe","redis"]
20150208 13:13:53|get aaa
20150208 13:13:53|true
20150208 13:13:53|78|
20150208 13:14:42|["login","ls","whoami","describe","redis"]
20150208 13:14:42|get aaa
20150208 13:14:42|true
20150208 13:14:42|78|bbb
20150208 13:15:00|["login","ls","whoami","describe","redis"]
20150208 13:15:00|describe set
20150208 13:15:00|true
20150208 13:15:16|["login","ls","whoami","describe","redis"]
20150208 13:15:16|set aaa,bbb
20150208 13:15:16|true
20150208 13:15:16|78|1
20150208 13:15:20|["login","ls","whoami","describe","redis"]
20150208 13:15:20|get aaa
20150208 13:15:20|true
20150208 13:15:20|78|bbb
20150208 15:19:44|["login","ls","whoami","describe","redis"]
20150208 15:19:59|["login","ls","whoami","describe","redis"]
20150208 15:24:40|["login","ls","whoami","describe","redis"]
