2015-08-22 12:44:15    1000    1127216 -->1.07M
2015-08-22 12:44:15    2000    1396592 -->1.33M
2015-08-22 12:44:15    3000    1673712 -->1.60M
2015-08-22 12:44:15    4000    1935216 -->1.85M
2015-08-22 12:44:15    5000    2228864 -->2.13M
2015-08-22 12:44:15    6000    2487904 -->2.37M
2015-08-22 12:44:15    7000    2748368 -->2.62M
2015-08-22 12:44:16    8000    3010464 -->2.87M
2015-08-22 12:44:16    9000    3402832 -->3.25M
2015-08-22 12:44:16   10000    3598736 -->3.43M
2015-08-22 12:44:16   11000    3859552 -->3.68M
2015-08-22 12:44:16   12000    4120384 -->3.93M
2015-08-22 12:44:16   13000    4381680 -->4.18M
2015-08-22 12:44:16   14000    4642288 -->4.43M
2015-08-22 12:44:16   15000    4902896 -->4.68M
2015-08-22 12:44:16   16000    5164864 -->4.93M
2015-08-22 12:44:16   17000    5687968 -->5.42M
2015-08-22 12:44:16   18000    5948368 -->5.67M
2015-08-22 12:44:16   19000    6078752 -->5.80M
2015-08-22 12:44:17   20000    6339680 -->6.05M
2015-08-22 12:44:17   21000    6601008 -->6.30M
2015-08-22 12:44:17   22000    6861184 -->6.54M
2015-08-22 12:44:17   23000    7122096 -->6.79M
2015-08-22 12:44:17   24000    7383184 -->7.04M
2015-08-22 12:44:17   25000    7643760 -->7.29M
2015-08-22 12:44:17   26000    7905120 -->7.54M
2015-08-22 12:44:17   27000    8166976 -->7.79M
2015-08-22 12:44:17   28000    8427760 -->8.04M
2015-08-22 12:44:17   29000    8688384 -->8.29M
2015-08-22 12:44:17   30000    8949824 -->8.54M
2015-08-22 12:44:18   31000    9209872 -->8.78M
2015-08-22 12:44:18   32000    9471264 -->9.03M
2015-08-22 12:44:18   33000   10257264 -->9.78M
2015-08-22 12:44:18   34000   10518528 -->10.03M
2015-08-22 12:44:18   35000   10779888 -->10.28M
2015-08-22 12:44:18   36000   10778976 -->10.28M
2015-08-22 12:44:18   37000   11040032 -->10.53M
2015-08-22 12:44:18   38000   11300592 -->10.78M
2015-08-22 12:44:18   39000   11561040 -->11.03M
2015-08-22 12:44:18   40000   11822336 -->11.27M
2015-08-22 12:44:18   41000   12083600 -->11.52M
2015-08-22 12:44:18   42000   12344656 -->11.77M
2015-08-22 12:44:19   43000   12604704 -->12.02M
2015-08-22 12:44:19   44000   12865648 -->12.27M
2015-08-22 12:44:19   45000   13127472 -->12.52M
2015-08-22 12:44:19   46000   13388496 -->12.77M
2015-08-22 12:44:19   47000   13649296 -->13.02M
2015-08-22 12:44:19   48000   13910864 -->13.27M
2015-08-22 12:44:19   49000   14172704 -->13.52M
2015-08-22 12:44:19   50000   14433232 -->13.76M
2015-08-22 12:44:19   51000   14694864 -->14.01M
2015-08-22 12:44:19   52000   14955296 -->14.26M
2015-08-22 12:44:19   53000   15217264 -->14.51M
2015-08-22 12:44:20   54000   15478400 -->14.76M
2015-08-22 12:44:20   55000   15739728 -->15.01M
2015-08-22 12:44:20   56000   16000960 -->15.26M
2015-08-22 12:44:20   57000   16262464 -->15.51M
2015-08-22 12:44:20   58000   16522624 -->15.76M
2015-08-22 12:44:20   59000   16783680 -->16.01M
2015-08-22 12:44:20   60000   17044560 -->16.25M
2015-08-22 12:44:20   61000   17301184 -->16.50M
2015-08-22 12:44:20   62000   17561696 -->16.75M
2015-08-22 12:44:20   63000   17822608 -->17.00M
2015-08-22 12:44:20   64000   18082128 -->17.24M
2015-08-22 12:44:20   65000   18342976 -->17.49M
2015-08-22 12:44:21   66000   19652192 -->18.74M
2015-08-22 12:44:21   67000   19913232 -->18.99M
2015-08-22 12:44:21   68000   20174144 -->19.24M
2015-08-22 12:44:21   69000   20434640 -->19.49M
2015-08-22 12:44:21   70000   20695232 -->19.74M
2015-08-22 12:44:21   71000   20956496 -->19.99M
2015-08-22 12:44:21   72000   20693424 -->19.73M
2015-08-22 12:44:21   73000   20953744 -->19.98M
2015-08-22 12:44:21   74000   21214784 -->20.23M
2015-08-22 12:44:21   75000   21476320 -->20.48M
2015-08-22 12:44:21   76000   21736816 -->20.73M
2015-08-22 12:44:22   77000   21997344 -->20.98M
2015-08-22 12:44:22   78000   22257904 -->21.23M
2015-08-22 12:44:22   79000   22518720 -->21.48M
2015-08-22 12:44:22   80000   22779184 -->21.72M
2015-08-22 12:44:22   81000   23039792 -->21.97M
2015-08-22 12:44:22   82000   23301456 -->22.22M
2015-08-22 12:44:22   83000   23562576 -->22.47M
2015-08-22 12:44:22   84000   23823904 -->22.72M
2015-08-22 12:44:22   85000   24084800 -->22.97M
2015-08-22 12:44:22   86000   24345776 -->23.22M
2015-08-22 12:44:22   87000   24607024 -->23.47M
2015-08-22 12:44:22   88000   24868144 -->23.72M
2015-08-22 12:44:23   89000   25129360 -->23.97M
2015-08-22 12:44:23   90000   25389952 -->24.21M
2015-08-22 12:44:23   91000   25651328 -->24.46M
2015-08-22 12:44:23   92000   25912672 -->24.71M
2015-08-22 12:44:23   93000   26172848 -->24.96M
2015-08-22 12:44:23   94000   26433856 -->25.21M
2015-08-22 12:44:23   95000   26694560 -->25.46M
2015-08-22 12:44:23   96000   26954352 -->25.71M
2015-08-22 12:44:23   97000   27215344 -->25.95M
2015-08-22 12:44:23   98000   27475888 -->26.20M
2015-08-22 12:44:23   99000   27736912 -->26.45M
2015-08-22 12:44:24  100000   27997664 -->26.70M
2015-08-22 12:44:24  101000   28259024 -->26.95M
2015-08-22 12:44:24  102000   28520160 -->27.20M
2015-08-22 12:44:24  103000   28781232 -->27.45M
2015-08-22 12:44:24  104000   29042144 -->27.70M
2015-08-22 12:44:24  105000   29302880 -->27.95M
2015-08-22 12:44:24  106000   29564032 -->28.19M
2015-08-22 12:44:24  107000   29823184 -->28.44M
2015-08-22 12:44:24  108000   30083920 -->28.69M
2015-08-22 12:44:24  109000   30344992 -->28.94M
2015-08-22 12:44:24  110000   30603472 -->29.19M
2015-08-22 12:44:25  111000   30864784 -->29.43M
2015-08-22 12:44:25  112000   31126016 -->29.68M
2015-08-22 12:44:25  113000   31387440 -->29.93M
2015-08-22 12:44:25  114000   31647584 -->30.18M
2015-08-22 12:44:25  115000   31907392 -->30.43M
2015-08-22 12:44:25  116000   32168800 -->30.68M
2015-08-22 12:44:25  117000   32429376 -->30.93M
2015-08-22 12:44:25  118000   32690352 -->31.18M
2015-08-22 12:44:25  119000   32951792 -->31.43M
2015-08-22 12:44:25  120000   33212944 -->31.67M
2015-08-22 12:44:25  121000   33473696 -->31.92M
2015-08-22 12:44:25  122000   33734384 -->32.17M
2015-08-22 12:44:26  123000   33995136 -->32.42M
2015-08-22 12:44:26  124000   34256064 -->32.67M
2015-08-22 12:44:26  125000   34517200 -->32.92M
2015-08-22 12:44:26  126000   34779136 -->33.17M
2015-08-22 12:44:26  127000   35039984 -->33.42M
2015-08-22 12:44:26  128000   35301376 -->33.67M
2015-08-22 12:44:26  129000   35562192 -->33.91M
2015-08-22 12:44:26  130000   35823120 -->34.16M
2015-08-22 12:44:26  131000   36084144 -->34.41M
2015-08-22 12:44:26  132000   38441888 -->36.66M
2015-08-22 12:44:26  133000   38702400 -->36.91M
2015-08-22 12:44:27  134000   38963280 -->37.16M
2015-08-22 12:44:27  135000   39224656 -->37.41M
2015-08-22 12:44:27  136000   39485760 -->37.66M
2015-08-22 12:44:27  137000   39747664 -->37.91M
2015-08-22 12:44:27  138000   40008544 -->38.16M
2015-08-22 12:44:27  139000   40269616 -->38.40M
2015-08-22 12:44:27  140000   40530464 -->38.65M
2015-08-22 12:44:27  141000   40791008 -->38.90M
2015-08-22 12:44:27  142000   41051840 -->39.15M
2015-08-22 12:44:27  143000   41312400 -->39.40M
2015-08-22 12:44:27  144000   41572592 -->39.65M
2015-08-22 12:44:28  145000   41833072 -->39.90M
2015-08-22 12:44:28  146000   41045408 -->39.14M
2015-08-22 12:44:28  147000   41307152 -->39.39M
2015-08-22 12:44:28  148000    1009160 -->985.51K
2015-08-22 12:44:28  149000    1274472 -->1.22M
2015-08-22 12:44:28  150000    1551528 -->1.48M
2015-08-22 12:44:28  151000    1813064 -->1.73M
2015-08-22 12:44:28  152000    2103032 -->2.01M
2015-08-22 12:44:28  153000    2363896 -->2.25M
2015-08-22 12:44:28  154000    2624904 -->2.50M
2015-08-22 12:44:29  155000    2885272 -->2.75M
2015-08-22 12:44:29  156000    3277272 -->3.13M
2015-08-22 12:44:29  157000    3472840 -->3.31M
2015-08-22 12:44:29  158000    3733464 -->3.56M
2015-08-22 12:44:29  159000    3995080 -->3.81M
2015-08-22 12:44:29  160000    4256504 -->4.06M
2015-08-22 12:44:29  161000    4518104 -->4.31M
2015-08-22 12:44:29  162000    4779352 -->4.56M
2015-08-22 12:44:29  163000    5039976 -->4.81M
2015-08-22 12:44:29  164000    5562888 -->5.31M
2015-08-22 12:44:29  165000    5822200 -->5.55M
2015-08-22 12:44:30  166000    5952168 -->5.68M
2015-08-22 12:44:30  167000    6213576 -->5.93M
2015-08-22 12:44:30  168000    6475208 -->6.18M
2015-08-22 12:44:30  169000    6735944 -->6.42M
2015-08-22 12:44:30  170000    6997064 -->6.67M
2015-08-22 12:44:30  171000    7258008 -->6.92M
2015-08-22 12:44:30  172000    7519192 -->7.17M
2015-08-22 12:44:30  173000    7779832 -->7.42M
2015-08-22 12:44:30  174000    8040904 -->7.67M
2015-08-22 12:44:30  175000    8302152 -->7.92M
2015-08-22 12:44:30  176000    8562728 -->8.17M
2015-08-22 12:44:31  177000    8823368 -->8.41M
2015-08-22 12:44:31  178000    9085000 -->8.66M
2015-08-22 12:44:31  179000    9347064 -->8.91M
2015-08-22 12:44:31  180000    9605848 -->9.16M
2015-08-22 12:44:31  181000   10391064 -->9.91M
2015-08-22 12:44:31  182000   10651832 -->10.16M
2015-08-22 12:44:31  183000   10912488 -->10.41M
2015-08-22 12:44:31  184000   10911080 -->10.41M
2015-08-22 12:44:31  185000   11170552 -->10.65M
2015-08-22 12:44:31  186000   11431560 -->10.90M
2015-08-22 12:44:31  187000   11692824 -->11.15M
2015-08-22 12:44:31  188000   11953496 -->11.40M
2015-08-22 12:44:32  189000   12214696 -->11.65M
2015-08-22 12:44:32  190000   12473880 -->11.90M
2015-08-22 12:44:32  191000   12734728 -->12.14M
2015-08-22 12:44:32  192000   12996024 -->12.39M
2015-08-22 12:44:32  193000   13256904 -->12.64M
2015-08-22 12:44:32  194000   13517816 -->12.89M
2015-08-22 12:44:32  195000   13778776 -->13.14M
2015-08-22 12:44:32  196000   14039432 -->13.39M
2015-08-22 12:44:32  197000   14299816 -->13.64M
2015-08-22 12:44:32  198000   14559960 -->13.89M
2015-08-22 12:44:32  199000   14821112 -->14.13M
2015-08-22 12:44:33  200000   15082072 -->14.38M
2015-08-22 12:44:33  201000   15343528 -->14.63M
2015-08-22 12:44:33  202000   15605432 -->14.88M
2015-08-22 12:44:33  203000   15867176 -->15.13M
2015-08-22 12:44:33  204000   16127768 -->15.38M
2015-08-22 12:44:33  205000   16388168 -->15.63M
2015-08-22 12:44:33  206000   16648888 -->15.88M
2015-08-22 12:44:33  207000   16910280 -->16.13M
2015-08-22 12:44:33  208000   17171128 -->16.38M
2015-08-22 12:44:33  209000   17432584 -->16.63M
2015-08-22 12:44:33  210000   17693944 -->16.87M
2015-08-22 12:44:33  211000   17954392 -->17.12M
2015-08-22 12:44:34  212000   18212008 -->17.37M
2015-08-22 12:44:34  213000   19521464 -->18.62M
2015-08-22 12:44:34  214000   19782984 -->18.87M
2015-08-22 12:44:34  215000   20044056 -->19.12M
2015-08-22 12:44:34  216000   20305176 -->19.36M
2015-08-22 12:44:34  217000   20566360 -->19.61M
2015-08-22 12:44:34  218000   20826856 -->19.86M
2015-08-22 12:44:34  219000   21088024 -->20.11M
2015-08-22 12:44:34  220000   20824168 -->19.86M
2015-08-22 12:44:34  221000   21084968 -->20.11M
2015-08-22 12:44:34  222000   21345368 -->20.36M
2015-08-22 12:44:35  223000   21606840 -->20.61M
2015-08-22 12:44:35  224000   21868360 -->20.86M
2015-08-22 12:44:35  225000   22129064 -->21.10M
2015-08-22 12:44:35  226000   22390840 -->21.35M
2015-08-22 12:44:35  227000   22652104 -->21.60M
2015-08-22 12:44:35  228000   22913304 -->21.85M
2015-08-22 12:44:35  229000   23211288 -->22.14M
2015-08-22 12:44:35  230000   23436200 -->22.35M
2015-08-22 12:44:35  231000   23697608 -->22.60M
2015-08-22 12:44:35  232000   23959352 -->22.85M
2015-08-22 12:44:35  233000   24220088 -->23.10M
2015-08-22 12:44:36  234000   24480536 -->23.35M
2015-08-22 12:44:36  235000   24741304 -->23.60M
2015-08-22 12:44:36  236000   25001560 -->23.84M
2015-08-22 12:44:36  237000   25262360 -->24.09M
2015-08-22 12:44:36  238000   25522536 -->24.34M
2015-08-22 12:44:36  239000   25783160 -->24.59M
2015-08-22 12:44:36  240000   26043816 -->24.84M
2015-08-22 12:44:36  241000   26305464 -->25.09M
2015-08-22 12:44:36  242000   26566200 -->25.34M
2015-08-22 12:44:36  243000   26827128 -->25.58M
2015-08-22 12:44:36  244000   27087576 -->25.83M
2015-08-22 12:44:37  245000   27348856 -->26.08M
2015-08-22 12:44:37  246000   27609400 -->26.33M
2015-08-22 12:44:37  247000   27870408 -->26.58M
2015-08-22 12:44:37  248000   28131672 -->26.83M
2015-08-22 12:44:37  249000   28392552 -->27.08M
2015-08-22 12:44:37  250000   28653544 -->27.33M
2015-08-22 12:44:37  251000   28914600 -->27.58M
2015-08-22 12:44:37  252000   29174568 -->27.82M
2015-08-22 12:44:37  253000   29435464 -->28.07M
2015-08-22 12:44:37  254000   29696152 -->28.32M
2015-08-22 12:44:37  255000   29957240 -->28.57M
2015-08-22 12:44:37  256000   30218296 -->28.82M
2015-08-22 12:44:38  257000   30478696 -->29.07M
2015-08-22 12:44:38  258000   30739864 -->29.32M
2015-08-22 12:44:38  259000   31000328 -->29.56M
2015-08-22 12:44:38  260000   31261800 -->29.81M
2015-08-22 12:44:38  261000   31523240 -->30.06M
2015-08-22 12:44:38  262000   31784136 -->30.31M
2015-08-22 12:44:38  263000   32045048 -->30.56M
2015-08-22 12:44:38  264000   32306152 -->30.81M
2015-08-22 12:44:38  265000   32567544 -->31.06M
2015-08-22 12:44:38  266000   32828680 -->31.31M
2015-08-22 12:44:38  267000   33084904 -->31.55M
2015-08-22 12:44:39  268000   33346280 -->31.80M
2015-08-22 12:44:39  269000   33607608 -->32.05M
2015-08-22 12:44:39  270000   33869112 -->32.30M
2015-08-22 12:44:39  271000   34130088 -->32.55M
2015-08-22 12:44:39  272000   34391432 -->32.80M
2015-08-22 12:44:39  273000   34652216 -->33.05M
2015-08-22 12:44:39  274000   34913944 -->33.30M
2015-08-22 12:44:39  275000   35174648 -->33.55M
2015-08-22 12:44:39  276000   35435208 -->33.79M
2015-08-22 12:44:39  277000   35696008 -->34.04M
2015-08-22 12:44:40  278000   35956568 -->34.29M
2015-08-22 12:44:40  279000   38314936 -->36.54M
2015-08-22 12:44:40  280000   38575976 -->36.79M
2015-08-22 12:44:40  281000   38836280 -->37.04M
2015-08-22 12:44:40  282000   39096952 -->37.29M
2015-08-22 12:44:40  283000   39358296 -->37.53M
2015-08-22 12:44:40  284000   39618776 -->37.78M
2015-08-22 12:44:40  285000   39880648 -->38.03M
2015-08-22 12:44:40  286000   40142232 -->38.28M
2015-08-22 12:44:40  287000   40403816 -->38.53M
2015-08-22 12:44:40  288000   40665368 -->38.78M
2015-08-22 12:44:41  289000   40924088 -->39.03M
2015-08-22 12:44:41  290000   41185000 -->39.28M
2015-08-22 12:44:41  291000   41445864 -->39.53M
2015-08-22 12:44:41  292000   41706888 -->39.77M
2015-08-22 12:44:41  293000   40920184 -->39.02M
2015-08-22 12:44:41  294000   41181592 -->39.27M
2015-08-22 12:44:41  295000   41442840 -->39.52M
2015-08-22 12:44:41  296000   41703336 -->39.77M
2015-08-22 12:44:41  297000   41963816 -->40.02M
2015-08-22 12:44:41  298000   42225240 -->40.27M
2015-08-22 12:44:42  299000   42486488 -->40.52M
2015-08-22 12:44:42  300000   42746872 -->40.77M
2015-08-22 12:44:42  301000   43007192 -->41.01M
2015-08-22 12:44:42  302000   43267912 -->41.26M
2015-08-22 12:44:42  303000   43528568 -->41.51M
2015-08-22 12:44:42  304000   43789864 -->41.76M
2015-08-22 12:44:42  305000   44051048 -->42.01M
2015-08-22 12:44:42  306000   44311800 -->42.26M
2015-08-22 12:44:42  307000   44572520 -->42.51M
2015-08-22 12:44:42  308000   44833064 -->42.76M
2015-08-22 12:44:43  309000   45094744 -->43.01M
2015-08-22 12:44:43  310000   45355560 -->43.25M
2015-08-22 12:44:43  311000   45616968 -->43.50M
2015-08-22 12:44:43  312000   45878472 -->43.75M
2015-08-22 12:44:43  313000   46139656 -->44.00M
2015-08-22 12:44:43  314000   46400136 -->44.25M
2015-08-22 12:44:43  315000   46661240 -->44.50M
2015-08-22 12:44:43  316000   46921736 -->44.75M
2015-08-22 12:44:43  317000   47183160 -->45.00M
2015-08-22 12:44:43  318000   47442360 -->45.24M
2015-08-22 12:44:43  319000   47703928 -->45.49M
2015-08-22 12:44:44  320000   47965016 -->45.74M
2015-08-22 12:44:44  321000   48225688 -->45.99M
2015-08-22 12:44:44  322000   48486664 -->46.24M
2015-08-22 12:44:44  323000   48744760 -->46.49M
2015-08-22 12:44:44  324000   49006552 -->46.74M
2015-08-22 12:44:44  325000   49267928 -->46.99M
2015-08-22 12:44:44  326000   49529384 -->47.23M
2015-08-22 12:44:44  327000   49790104 -->47.48M
2015-08-22 12:44:44  328000   50052216 -->47.73M
2015-08-22 12:44:44  329000   50313256 -->47.98M
2015-08-22 12:44:44  330000   50574872 -->48.23M
2015-08-22 12:44:45  331000   50836536 -->48.48M
2015-08-22 12:44:45  332000   51098520 -->48.73M
2015-08-22 12:44:45  333000   51396616 -->49.02M
2015-08-22 12:44:45  334000   51620584 -->49.23M
2015-08-22 12:44:45  335000   51881752 -->49.48M
2015-08-22 12:44:45  336000   52143304 -->49.73M
2015-08-22 12:44:45  337000   52404360 -->49.98M
2015-08-22 12:44:45  338000   52665752 -->50.23M
2015-08-22 12:44:45  339000   52926888 -->50.48M
2015-08-22 12:44:45  340000   53188904 -->50.72M
2015-08-22 12:44:45  341000   53449336 -->50.97M
2015-08-22 12:44:45  342000   53710584 -->51.22M
2015-08-22 12:44:46  343000   53971720 -->51.47M
2015-08-22 12:44:46  344000   54232584 -->51.72M
2015-08-22 12:44:46  345000   54493432 -->51.97M
2015-08-22 12:44:46  346000   54754088 -->52.22M
2015-08-22 12:44:46  347000   55014696 -->52.47M
2015-08-22 12:44:46  348000   55275256 -->52.71M
2015-08-22 12:44:46  349000   55535592 -->52.96M
2015-08-22 12:44:46  350000   55796856 -->53.21M
2015-08-22 12:44:46  351000   56058344 -->53.46M
2015-08-22 12:44:46  352000   56319016 -->53.71M
2015-08-22 12:44:46  353000   56580648 -->53.96M
2015-08-22 12:44:47  354000   56841576 -->54.21M
2015-08-22 12:44:47  355000   57102216 -->54.46M
2015-08-22 12:44:47  356000   57363480 -->54.71M
2015-08-22 12:44:47  357000   57624264 -->54.95M
2015-08-22 12:44:47  358000   57884840 -->55.20M
2015-08-22 12:44:47  359000   58145560 -->55.45M
2015-08-22 12:44:47  360000   58406040 -->55.70M
2015-08-22 12:44:47  361000   58666792 -->55.95M
2015-08-22 12:44:47  362000   58927624 -->56.20M
2015-08-22 12:44:47  363000   59189064 -->56.45M
2015-08-22 12:44:47  364000   59449800 -->56.70M
2015-08-22 12:44:48  365000   59711832 -->56.95M
2015-08-22 12:44:48  366000   59973336 -->57.20M
2015-08-22 12:44:48  367000   60234104 -->57.44M
2015-08-22 12:44:48  368000   60495112 -->57.69M
2015-08-22 12:44:48  369000   60755880 -->57.94M
2015-08-22 12:44:48  370000   61017432 -->58.19M
2015-08-22 12:44:48  371000   61278264 -->58.44M
2015-08-22 12:44:48  372000   61539432 -->58.69M
2015-08-22 12:44:48  373000   61800360 -->58.94M
2015-08-22 12:44:48  374000   62061704 -->59.19M
2015-08-22 12:44:48  375000   62323512 -->59.44M
2015-08-22 12:44:49  376000   62584424 -->59.69M
2015-08-22 12:44:49  377000   62845176 -->59.93M
2015-08-22 12:44:49  378000   63104984 -->60.18M
2015-08-22 12:44:49  379000   63365928 -->60.43M
2015-08-22 12:44:49  380000   63627032 -->60.68M
2015-08-22 12:44:49  381000   63888632 -->60.93M
2015-08-22 12:44:49  382000   64149480 -->61.18M
2015-08-22 12:44:49  383000   64410776 -->61.43M
2015-08-22 12:44:49  384000   64671848 -->61.68M
2015-08-22 12:44:49  385000   64932600 -->61.92M
2015-08-22 12:44:49  386000   65193912 -->62.17M
2015-08-22 12:44:49  387000   65455144 -->62.42M
2015-08-22 12:44:50  388000   65715224 -->62.67M
2015-08-22 12:44:50  389000   65975896 -->62.92M
2015-08-22 12:44:50  390000   66236568 -->63.17M
2015-08-22 12:44:50  391000   66497672 -->63.42M
2015-08-22 12:44:50  392000   66759176 -->63.67M
2015-08-22 12:44:50  393000   67020024 -->63.92M
2015-08-22 12:44:50  394000   67282024 -->64.17M
2015-08-22 12:44:50  395000   67542840 -->64.41M
2015-08-22 12:44:50  396000   67803272 -->64.66M
2015-08-22 12:44:50  397000   68064328 -->64.91M
2015-08-22 12:44:50  398000   68324760 -->65.16M
2015-08-22 12:44:50  399000   68585528 -->65.41M
2015-08-22 12:44:51  400000   68846648 -->65.66M
2015-08-22 12:44:51  401000   69107208 -->65.91M
2015-08-22 12:44:51  402000   69367928 -->66.15M
2015-08-22 12:44:51  403000   69628616 -->66.40M
2015-08-22 12:44:51  404000   69890024 -->66.65M
2015-08-22 12:44:51  405000   70152152 -->66.90M
2015-08-22 12:44:51  406000   70412856 -->67.15M
2015-08-22 12:44:52  407000   70674152 -->67.40M
2015-08-22 12:44:52  408000   70935288 -->67.65M
2015-08-22 12:44:52  409000   71196264 -->67.90M
2015-08-22 12:44:52  410000   71457480 -->68.15M
2015-08-22 12:44:52  411000   71715784 -->68.39M
2015-08-22 12:44:52  412000   71977144 -->68.64M
2015-08-22 12:44:53  413000   72235720 -->68.89M
2015-08-22 12:44:53  414000   72496568 -->69.14M
2015-08-22 12:44:53  415000   72757704 -->69.39M
2015-08-22 12:44:53  416000   73017880 -->69.64M
2015-08-22 12:44:53  417000   73279416 -->69.88M
2015-08-22 12:44:53  418000   73540872 -->70.13M
2015-08-22 12:44:53  419000   73802104 -->70.38M
2015-08-22 12:44:53  420000   74063544 -->70.63M
2015-08-22 12:44:53  421000   74324744 -->70.88M
2015-08-22 12:44:53  422000   74585592 -->71.13M
2015-08-22 12:44:54  423000   74846712 -->71.38M
2015-08-22 12:44:54  424000   75107880 -->71.63M
2015-08-22 12:44:54  425000   75368904 -->71.88M
2015-08-22 12:44:54  426000   75630088 -->72.13M
2015-08-22 12:44:54  427000   75891416 -->72.38M
2015-08-22 12:44:54  428000   76152616 -->72.62M
2015-08-22 12:44:54  429000   76413384 -->72.87M
2015-08-22 12:44:54  430000   76675240 -->73.12M
2015-08-22 12:44:54  431000   76937032 -->73.37M
2015-08-22 12:44:54  432000   77198120 -->73.62M
2015-08-22 12:44:54  433000   77458984 -->73.87M
2015-08-22 12:44:55  434000   86109000 -->82.12M
2015-08-22 12:44:55  435000   86369352 -->82.37M
2015-08-22 12:44:55  436000   86630632 -->82.62M
2015-08-22 12:44:55  437000   86891272 -->82.87M
2015-08-22 12:44:55  438000   87152296 -->83.11M
2015-08-22 12:44:55  439000   87413240 -->83.36M
2015-08-22 12:44:55  440000   87674728 -->83.61M
2015-08-22 12:44:55  441000   87934920 -->83.86M
2015-08-22 12:44:55  442000   88195688 -->84.11M
2015-08-22 12:44:55  443000   88455080 -->84.36M
2015-08-22 12:44:55  444000   88715960 -->84.61M
2015-08-22 12:44:56  445000   88977224 -->84.86M
2015-08-22 12:44:56  446000   89238248 -->85.10M
2015-08-22 12:44:56  447000   89498376 -->85.35M
2015-08-22 12:44:56  448000   89759016 -->85.60M
2015-08-22 12:44:56  449000   90018424 -->85.85M
2015-08-22 12:44:56  450000   90279256 -->86.10M
2015-08-22 12:44:56  451000   90540008 -->86.35M
2015-08-22 12:44:56  452000   90801960 -->86.60M
2015-08-22 12:44:56  453000   91062520 -->86.84M
2015-08-22 12:44:56  454000   91323480 -->87.09M
2015-08-22 12:44:56  455000   91584296 -->87.34M
2015-08-22 12:44:57  456000   91845768 -->87.59M
2015-08-22 12:44:57  457000   92106472 -->87.84M
2015-08-22 12:44:57  458000   92367544 -->88.09M
2015-08-22 12:44:57  459000   92628136 -->88.34M
2015-08-22 12:44:57  460000   92890024 -->88.59M
2015-08-22 12:44:57  461000   93152024 -->88.84M
2015-08-22 12:44:57  462000   93412392 -->89.08M
2015-08-22 12:44:57  463000   93673592 -->89.33M
2015-08-22 12:44:57  464000   93935016 -->89.58M
2015-08-22 12:44:57  465000   94197240 -->89.83M
2015-08-22 12:44:57  466000   94458856 -->90.08M
2015-08-22 12:44:58  467000   92622344 -->88.33M
2015-08-22 12:44:58  468000   92883624 -->88.58M
2015-08-22 12:44:58  469000   93145224 -->88.83M
2015-08-22 12:44:58  470000   93406424 -->89.08M
2015-08-22 12:44:58  471000   93667480 -->89.33M
2015-08-22 12:44:58  472000   93928824 -->89.58M
2015-08-22 12:44:58  473000   94189576 -->89.83M
2015-08-22 12:44:58  474000   94450568 -->90.08M
2015-08-22 12:44:58  475000   94711368 -->90.32M
2015-08-22 12:44:58  476000   94972120 -->90.57M
2015-08-22 12:44:58  477000   95232648 -->90.82M
2015-08-22 12:44:59  478000   95493400 -->91.07M
2015-08-22 12:44:59  479000   95754856 -->91.32M
2015-08-22 12:44:59  480000   96016392 -->91.57M
2015-08-22 12:44:59  481000   96277224 -->91.82M
2015-08-22 12:44:59  482000   96538296 -->92.07M
2015-08-22 12:44:59  483000   96799192 -->92.31M
2015-08-22 12:44:59  484000   97060056 -->92.56M
2015-08-22 12:44:59  485000   97318616 -->92.81M
2015-08-22 12:44:59  486000   97579224 -->93.06M
2015-08-22 12:44:59  487000   97840200 -->93.31M
2015-08-22 12:44:59  488000   98101160 -->93.56M
2015-08-22 12:45:00  489000   98361416 -->93.80M
2015-08-22 12:45:00  490000   98622152 -->94.05M
2015-08-22 12:45:00  491000   98883000 -->94.30M
2015-08-22 12:45:00  492000   99141608 -->94.55M
2015-08-22 12:45:00  493000   99403064 -->94.80M
2015-08-22 12:45:00  494000   99664616 -->95.05M
2015-08-22 12:45:00  495000   99924856 -->95.30M
2015-08-22 12:45:00  496000  100186392 -->95.55M
2015-08-22 12:45:00  497000  100447832 -->95.79M
2015-08-22 12:45:00  498000  100709224 -->96.04M
2015-08-22 12:45:00  499000  100971240 -->96.29M
2015-08-22 12:45:00  500000  101232120 -->96.54M
2015-08-22 12:45:01  501000  101492424 -->96.79M
2015-08-22 12:45:01  502000  101753496 -->97.04M
2015-08-22 12:45:01  503000  102014488 -->97.29M
2015-08-22 12:45:01  504000  102275176 -->97.54M
2015-08-22 12:45:01  505000  102536168 -->97.79M
2015-08-22 12:45:01  506000  102796872 -->98.03M
2015-08-22 12:45:01  507000  103057736 -->98.28M
2015-08-22 12:45:01  508000  103317832 -->98.53M
2015-08-22 12:45:01  509000  103577656 -->98.78M
2015-08-22 12:45:01  510000  103838472 -->99.03M
2015-08-22 12:45:01  511000  104100296 -->99.28M
2015-08-22 12:45:02  512000  104360744 -->99.53M
2015-08-22 12:45:02  513000  104621672 -->99.78M
2015-08-22 12:45:02  514000  104881976 -->100.02M
2015-08-22 12:45:02  515000  105142392 -->100.27M
2015-08-22 12:45:02  516000  105402904 -->100.52M
2015-08-22 12:45:02  517000  105664792 -->100.77M
2015-08-22 12:45:02  518000  105925368 -->101.02M
2015-08-22 12:45:02  519000  106186600 -->101.27M
2015-08-22 12:45:02  520000  106448120 -->101.52M
2015-08-22 12:45:02  521000  106709400 -->101.77M
2015-08-22 12:45:02  522000  106970856 -->102.02M
2015-08-22 12:45:03  523000  107228856 -->102.26M
2015-08-22 12:45:03  524000  107489800 -->102.51M
2015-08-22 12:45:03  525000  107750568 -->102.76M
2015-08-22 12:45:03  526000  108011832 -->103.01M
2015-08-22 12:45:03  527000  108273400 -->103.26M
2015-08-22 12:45:03  528000  108534536 -->103.51M
2015-08-22 12:45:03  529000  108795000 -->103.75M
2015-08-22 12:45:03  530000  109055736 -->104.00M
2015-08-22 12:45:03  531000  109315896 -->104.25M
2015-08-22 12:45:03  532000  109572344 -->104.50M
2015-08-22 12:45:03  533000  109833416 -->104.75M
2015-08-22 12:45:04  534000  110094152 -->104.99M
2015-08-22 12:45:04  535000  110354568 -->105.24M
2015-08-22 12:45:04  536000  110615688 -->105.49M
2015-08-22 12:45:04  537000  110876104 -->105.74M
2015-08-22 12:45:04  538000  111137544 -->105.99M
2015-08-22 12:45:04  539000  111398616 -->106.24M
2015-08-22 12:45:04  540000  111660248 -->106.49M
2015-08-22 12:45:04  541000  111921352 -->106.74M
2015-08-22 12:45:04  542000  112182760 -->106.99M
2015-08-22 12:45:04  543000  112443416 -->107.23M
2015-08-22 12:45:04  544000  112704328 -->107.48M
2015-08-22 12:45:04  545000  112965208 -->107.73M
2015-08-22 12:45:05  546000  113227160 -->107.98M
2015-08-22 12:45:05  547000  113487832 -->108.23M
2015-08-22 12:45:05  548000  113748216 -->108.48M
2015-08-22 12:45:05  549000  114009448 -->108.73M
2015-08-22 12:45:05  550000  114270824 -->108.98M
2015-08-22 12:45:05  551000  114531736 -->109.23M
2015-08-22 12:45:05  552000  114792680 -->109.47M
2015-08-22 12:45:05  553000  115052808 -->109.72M
2015-08-22 12:45:05  554000  115313592 -->109.97M
2015-08-22 12:45:05  555000  115575144 -->110.22M
2015-08-22 12:45:05  556000  115835816 -->110.47M
2015-08-22 12:45:06  557000  116096920 -->110.72M
2015-08-22 12:45:06  558000  116358696 -->110.97M
2015-08-22 12:45:06  559000  116617672 -->111.22M
2015-08-22 12:45:06  560000  116878888 -->111.46M
2015-08-22 12:45:06  561000  117139864 -->111.71M
2015-08-22 12:45:06  562000  117400824 -->111.96M
2015-08-22 12:45:06  563000  117661288 -->112.21M
2015-08-22 12:45:06  564000  117921800 -->112.46M
2015-08-22 12:45:06  565000  118183016 -->112.71M
2015-08-22 12:45:06  566000  118443944 -->112.96M
2015-08-22 12:45:06  567000  118705128 -->113.21M
2015-08-22 12:45:06  568000  118966376 -->113.46M
2015-08-22 12:45:07  569000  119227352 -->113.70M
2015-08-22 12:45:07  570000  119487784 -->113.95M
2015-08-22 12:45:07  571000  119749128 -->114.20M
2015-08-22 12:45:07  572000  120005688 -->114.45M
2015-08-22 12:45:07  573000  120267240 -->114.70M
2015-08-22 12:45:07  574000  120528664 -->114.95M
2015-08-22 12:45:07  575000  120789880 -->115.19M
2015-08-22 12:45:07  576000  121050760 -->115.44M
2015-08-22 12:45:07  577000  121312072 -->115.69M
2015-08-22 12:45:07  578000  121572328 -->115.94M
2015-08-22 12:45:07  579000  121832920 -->116.19M
2015-08-22 12:45:08  580000  122094312 -->116.44M
2015-08-22 12:45:08  581000  122355048 -->116.69M
2015-08-22 12:45:08  582000  122616632 -->116.94M
2015-08-22 12:45:08  583000  122877928 -->117.19M
2015-08-22 12:45:08  584000  123138024 -->117.43M
2015-08-22 12:45:08  585000  123400168 -->117.68M
2015-08-22 12:45:08  586000  123661000 -->117.93M
2015-08-22 12:45:08  587000  123921784 -->118.18M
2015-08-22 12:45:08  588000  124182872 -->118.43M
2015-08-22 12:45:08  589000  124443464 -->118.68M
2015-08-22 12:45:08  590000  124704776 -->118.93M
2015-08-22 12:45:09  591000  124965848 -->119.18M
2015-08-22 12:45:09  592000  125226904 -->119.43M
2015-08-22 12:45:09  593000  125488072 -->119.67M
2015-08-22 12:45:09  594000  125749016 -->119.92M
2015-08-22 12:45:09  595000  126010312 -->120.17M
2015-08-22 12:45:09  596000  126271816 -->120.42M
2015-08-22 12:45:09  597000  126532872 -->120.67M
2015-08-22 12:45:09  598000  126793928 -->120.92M
2015-08-22 12:45:09  599000  127056136 -->121.17M
2015-08-22 12:45:09  600000  127317192 -->121.42M
2015-08-22 12:45:09  601000  127578440 -->121.67M
2015-08-22 12:45:10  602000  127838936 -->121.92M
2015-08-22 12:45:10  603000  128099736 -->122.17M
2015-08-22 12:45:10  604000  128360040 -->122.41M
2015-08-22 12:45:10  605000  128621976 -->122.66M
2015-08-22 12:45:10  606000  128883928 -->122.91M
2015-08-22 12:45:10  607000  129144728 -->123.16M
2015-08-22 12:45:10  608000  129406008 -->123.41M
2015-08-22 12:45:10  609000  129667080 -->123.66M
2015-08-22 12:45:10  610000  129928264 -->123.91M
2015-08-22 12:45:10  611000  130189064 -->124.16M
2015-08-22 12:45:10  612000  130450344 -->124.41M
2015-08-22 12:45:10  613000  130711528 -->124.66M
2015-08-22 12:45:11  614000  130972776 -->124.91M
2015-08-22 12:45:11  615000  131234248 -->125.15M
2015-08-22 12:45:11  616000  131495384 -->125.40M
2015-08-22 12:45:11  617000  131756824 -->125.65M
2015-08-22 12:45:11  618000  132018360 -->125.90M
2015-08-22 12:45:11  619000  132279304 -->126.15M
2015-08-22 12:45:11  620000  132540840 -->126.40M
2015-08-22 12:45:11  621000  132801896 -->126.65M
2015-08-22 12:45:11  622000  133062760 -->126.90M
2015-08-22 12:45:11  623000  133323352 -->127.15M
2015-08-22 12:45:11  624000  133584616 -->127.40M
2015-08-22 12:45:12  625000  133845624 -->127.65M
2015-08-22 12:45:12  626000  134107528 -->127.89M
2015-08-22 12:45:12  627000  134368088 -->128.14M
2015-08-22 12:45:12  628000  134628264 -->128.39M
2015-08-22 12:45:12  629000  134890136 -->128.64M
2015-08-22 12:45:12  630000  135151048 -->128.89M
2015-08-22 12:45:12  631000  135412776 -->129.14M
2015-08-22 12:45:12  632000  135674168 -->129.39M
2015-08-22 12:45:12  633000  135935528 -->129.64M
2015-08-22 12:45:12  634000  136195912 -->129.89M
2015-08-22 12:45:12  635000  136457064 -->130.14M
2015-08-22 12:45:12  636000  136717864 -->130.38M
2015-08-22 12:45:13  637000  136978872 -->130.63M
2015-08-22 12:45:13  638000  137238664 -->130.88M
2015-08-22 12:45:13  639000  137499752 -->131.13M
2015-08-22 12:45:13  640000  137760536 -->131.38M
2015-08-22 12:45:13  641000  138021848 -->131.63M
2015-08-22 12:45:13  642000  138281016 -->131.88M
2015-08-22 12:45:13  643000  138542296 -->132.12M
2015-08-22 12:45:13  644000  138803176 -->132.37M
2015-08-22 12:45:13  645000  139064408 -->132.62M
2015-08-22 12:45:13  646000  139324776 -->132.87M
2015-08-22 12:45:13  647000  139585048 -->133.12M
2015-08-22 12:45:13  648000  139846328 -->133.37M
2015-08-22 12:45:14  649000  140107208 -->133.62M
2015-08-22 12:45:14  650000  140367304 -->133.86M
2015-08-22 12:45:14  651000  140628232 -->134.11M
2015-08-22 12:45:14  652000  140888856 -->134.36M
2015-08-22 12:45:14  653000  141150040 -->134.61M
2015-08-22 12:45:14  654000  141411224 -->134.86M
2015-08-22 12:45:14  655000  141672008 -->135.11M
2015-08-22 12:45:14  656000  141932536 -->135.36M
2015-08-22 12:45:14  657000  142193752 -->135.61M
2015-08-22 12:45:14  658000  142454840 -->135.86M
2015-08-22 12:45:14  659000  142716040 -->136.10M
2015-08-22 12:45:15  660000  142976856 -->136.35M
2015-08-22 12:45:15  661000  143237912 -->136.60M
2015-08-22 12:45:15  662000  143498552 -->136.85M
2015-08-22 12:45:15  663000  143758952 -->137.10M
2015-08-22 12:45:15  664000  144019752 -->137.35M
2015-08-22 12:45:15  665000  144280360 -->137.60M
2015-08-22 12:45:15  666000  144541864 -->137.85M
2015-08-22 12:45:15  667000  144803544 -->138.10M
2015-08-22 12:45:15  668000  145064472 -->138.34M
2015-08-22 12:45:15  669000  145326424 -->138.59M
2015-08-22 12:45:15  670000  145588040 -->138.84M
2015-08-22 12:45:15  671000  145848952 -->139.09M
2015-08-22 12:45:16  672000  146111192 -->139.34M
2015-08-22 12:45:16  673000  146372888 -->139.59M
2015-08-22 12:45:16  674000  146633656 -->139.84M
2015-08-22 12:45:16  675000  146894360 -->140.09M
2015-08-22 12:45:16  676000  147155224 -->140.34M
2015-08-22 12:45:16  677000  147416536 -->140.59M
2015-08-22 12:45:16  678000  147676888 -->140.84M
2015-08-22 12:45:16  679000  147937672 -->141.08M
2015-08-22 12:45:16  680000  148198216 -->141.33M
2015-08-22 12:45:16  681000  148458360 -->141.58M
2015-08-22 12:45:16  682000  148719736 -->141.83M
2015-08-22 12:45:17  683000  148981256 -->142.08M
2015-08-22 12:45:17  684000  149242504 -->142.33M
2015-08-22 12:45:17  685000  149502584 -->142.58M
2015-08-22 12:45:17  686000  149763272 -->142.83M
2015-08-22 12:45:17  687000  150023288 -->143.07M
2015-08-22 12:45:17  688000  150284008 -->143.32M
2015-08-22 12:45:17  689000  150544568 -->143.57M
2015-08-22 12:45:17  690000  150805240 -->143.82M
2015-08-22 12:45:17  691000  151067064 -->144.07M
2015-08-22 12:45:17  692000  151327640 -->144.32M
2015-08-22 12:45:17  693000  151589304 -->144.57M
2015-08-22 12:45:17  694000  151850600 -->144.82M
2015-08-22 12:45:18  695000  152112168 -->145.07M
2015-08-22 12:45:18  696000  152373720 -->145.31M
2015-08-22 12:45:18  697000  152634840 -->145.56M
2015-08-22 12:45:18  698000  152895880 -->145.81M
2015-08-22 12:45:18  699000  153157272 -->146.06M
2015-08-22 12:45:18  700000  153418904 -->146.31M
2015-08-22 12:45:18  701000  153679528 -->146.56M
2015-08-22 12:45:18  702000  153940952 -->146.81M
2015-08-22 12:45:18  703000  154201752 -->147.06M
2015-08-22 12:45:18  704000  154462600 -->147.31M
2015-08-22 12:45:18  705000  154723368 -->147.56M
2015-08-22 12:45:19  706000  154984552 -->147.80M
2015-08-22 12:45:19  707000  155245160 -->148.05M
2015-08-22 12:45:19  708000  155506472 -->148.30M
2015-08-22 12:45:19  709000  155768152 -->148.55M
2015-08-22 12:45:19  710000  156029048 -->148.80M
2015-08-22 12:45:19  711000  156288632 -->149.05M
2015-08-22 12:45:19  712000  156549560 -->149.30M
2015-08-22 12:45:19  713000  156810792 -->149.55M
2015-08-22 12:45:19  714000  157071736 -->149.80M
2015-08-22 12:45:19  715000  157332712 -->150.04M
2015-08-22 12:45:20  716000  157594200 -->150.29M
2015-08-22 12:45:20  717000  157855720 -->150.54M
2015-08-22 12:45:20  718000  158116952 -->150.79M
2015-08-22 12:45:20  719000  158378504 -->151.04M
2015-08-22 12:45:20  720000  158639800 -->151.29M
2015-08-22 12:45:20  721000  158901016 -->151.54M
2015-08-22 12:45:20  722000  159162152 -->151.79M
2015-08-22 12:45:20  723000  159423336 -->152.04M
2015-08-22 12:45:20  724000  159684488 -->152.29M
2015-08-22 12:45:20  725000  159945960 -->152.54M
2015-08-22 12:45:20  726000  160206984 -->152.79M
2015-08-22 12:45:21  727000  160468280 -->153.03M
2015-08-22 12:45:21  728000  160729080 -->153.28M
2015-08-22 12:45:21  729000  160989912 -->153.53M
2015-08-22 12:45:21  730000  161250504 -->153.78M
2015-08-22 12:45:21  731000  161511496 -->154.03M
2015-08-22 12:45:21  732000  161773384 -->154.28M
2015-08-22 12:45:21  733000  162034040 -->154.53M
2015-08-22 12:45:21  734000  162294808 -->154.78M
2015-08-22 12:45:21  735000  162557176 -->155.03M
2015-08-22 12:45:21  736000  162817688 -->155.28M
2015-08-22 12:45:21  737000  163078760 -->155.52M
2015-08-22 12:45:22  738000  163340536 -->155.77M
2015-08-22 12:45:22  739000  163602488 -->156.02M
2015-08-22 12:45:22  740000  163864104 -->156.27M
2015-08-22 12:45:22  741000  164124872 -->156.52M
2015-08-22 12:45:22  742000  164385704 -->156.77M
2015-08-22 12:45:22  743000  164646712 -->157.02M
2015-08-22 12:45:22  744000  164905096 -->157.27M
2015-08-22 12:45:22  745000  165163016 -->157.51M
2015-08-22 12:45:22  746000  165424456 -->157.76M
2015-08-22 12:45:22  747000  165686296 -->158.01M
2015-08-22 12:45:22  748000  165947608 -->158.26M
2015-08-22 12:45:23  749000  166208552 -->158.51M
2015-08-22 12:45:23  750000  166469416 -->158.76M
2015-08-22 12:45:23  751000  166729640 -->159.01M
2015-08-22 12:45:23  752000  166990472 -->159.25M
2015-08-22 12:45:23  753000  167251112 -->159.50M
2015-08-22 12:45:23  754000  167511720 -->159.75M
2015-08-22 12:45:23  755000  167769816 -->160.00M
2015-08-22 12:45:23  756000  168030696 -->160.25M
2015-08-22 12:45:23  757000  168292168 -->160.50M
2015-08-22 12:45:23  758000  168553448 -->160.75M
2015-08-22 12:45:23  759000  168814376 -->160.99M
2015-08-22 12:45:24  760000  169075576 -->161.24M
2015-08-22 12:45:24  761000  169336456 -->161.49M
2015-08-22 12:45:24  762000  169597496 -->161.74M
2015-08-22 12:45:24  763000  169858440 -->161.99M
2015-08-22 12:45:24  764000  170119304 -->162.24M
2015-08-22 12:45:24  765000  170380264 -->162.49M
2015-08-22 12:45:24  766000  170641496 -->162.74M
2015-08-22 12:45:24  767000  170903016 -->162.99M
2015-08-22 12:45:24  768000  171164440 -->163.24M
2015-08-22 12:45:24  769000  171425272 -->163.48M
2015-08-22 12:45:24  770000  171686664 -->163.73M
2015-08-22 12:45:24  771000  171947992 -->163.98M
2015-08-22 12:45:25  772000  172208696 -->164.23M
2015-08-22 12:45:25  773000  172469720 -->164.48M
2015-08-22 12:45:25  774000  172730488 -->164.73M
2015-08-22 12:45:25  775000  172990952 -->164.98M
2015-08-22 12:45:25  776000  173251960 -->165.23M
2015-08-22 12:45:25  777000  173513000 -->165.47M
2015-08-22 12:45:25  778000  173774424 -->165.72M
2015-08-22 12:45:25  779000  174036136 -->165.97M
2015-08-22 12:45:25  780000  174296152 -->166.22M
2015-08-22 12:45:25  781000  174557624 -->166.47M
2015-08-22 12:45:25  782000  174818760 -->166.72M
2015-08-22 12:45:26  783000  175079960 -->166.97M
2015-08-22 12:45:26  784000  175341256 -->167.22M
2015-08-22 12:45:26  785000  175600984 -->167.47M
2015-08-22 12:45:26  786000  175862536 -->167.72M
2015-08-22 12:45:26  787000  176122552 -->167.96M
2015-08-22 12:45:26  788000  176383864 -->168.21M
2015-08-22 12:45:26  789000  176644392 -->168.46M
2015-08-22 12:45:26  790000  176905672 -->168.71M
2015-08-22 12:45:26  791000  177166296 -->168.96M
2015-08-22 12:45:26  792000  177427224 -->169.21M
2015-08-22 12:45:26  793000  177688040 -->169.46M
2015-08-22 12:45:26  794000  177949160 -->169.71M
2015-08-22 12:45:27  795000  178210168 -->169.95M
2015-08-22 12:45:27  796000  178471464 -->170.20M
2015-08-22 12:45:27  797000  178732520 -->170.45M
2015-08-22 12:45:27  798000  178993288 -->170.70M
2015-08-22 12:45:27  799000  179254072 -->170.95M
2015-08-22 12:45:27  800000  179515800 -->171.20M
2015-08-22 12:45:27  801000  179776760 -->171.45M
2015-08-22 12:45:27  802000  180037800 -->171.70M
2015-08-22 12:45:27  803000  180299144 -->171.95M
2015-08-22 12:45:27  804000  180560472 -->172.20M
2015-08-22 12:45:27  805000  180820856 -->172.44M
2015-08-22 12:45:28  806000  181082184 -->172.69M
2015-08-22 12:45:28  807000  181343608 -->172.94M
2015-08-22 12:45:28  808000  181604520 -->173.19M
2015-08-22 12:45:28  809000  181865576 -->173.44M
2015-08-22 12:45:28  810000  182127112 -->173.69M
2015-08-22 12:45:28  811000  182387608 -->173.94M
2015-08-22 12:45:28  812000  182648888 -->174.19M
2015-08-22 12:45:28  813000  182909368 -->174.44M
2015-08-22 12:45:28  814000  183170888 -->174.69M
2015-08-22 12:45:28  815000  183431784 -->174.93M
2015-08-22 12:45:28  816000  183692872 -->175.18M
2015-08-22 12:45:28  817000  183954072 -->175.43M
2015-08-22 12:45:29  818000  184215400 -->175.68M
2015-08-22 12:45:29  819000  184476344 -->175.93M
2015-08-22 12:45:29  820000  184737656 -->176.18M
2015-08-22 12:45:29  821000  184998888 -->176.43M
2015-08-22 12:45:29  822000  185259672 -->176.68M
2015-08-22 12:45:29  823000  185520216 -->176.93M
2015-08-22 12:45:29  824000  185782232 -->177.18M
2015-08-22 12:45:29  825000  186043320 -->177.42M
2015-08-22 12:45:29  826000  186304328 -->177.67M
2015-08-22 12:45:29  827000  186564968 -->177.92M
2015-08-22 12:45:29  828000  186825752 -->178.17M
2015-08-22 12:45:30  829000  187086824 -->178.42M
2015-08-22 12:45:30  830000  187347720 -->178.67M
2015-08-22 12:45:30  831000  187608776 -->178.92M
2015-08-22 12:45:30  832000  187868808 -->179.17M
2015-08-22 12:45:30  833000  188129288 -->179.41M
2015-08-22 12:45:30  834000  188390312 -->179.66M
2015-08-22 12:45:30  835000  188651576 -->179.91M
2015-08-22 12:45:30  836000  188911976 -->180.16M
2015-08-22 12:45:30  837000  189173416 -->180.41M
2015-08-22 12:45:30  838000  189432744 -->180.66M
2015-08-22 12:45:30  839000  189693000 -->180.91M
2015-08-22 12:45:30  840000  189953560 -->181.15M
2015-08-22 12:45:31  841000  190214312 -->181.40M
2015-08-22 12:45:31  842000  190475640 -->181.65M
2015-08-22 12:45:31  843000  190736664 -->181.90M
2015-08-22 12:45:31  844000  190997448 -->182.15M
2015-08-22 12:45:31  845000  191257768 -->182.40M
2015-08-22 12:45:31  846000  191518728 -->182.65M
2015-08-22 12:45:31  847000  191778680 -->182.89M
2015-08-22 12:45:31  848000  192039160 -->183.14M
2015-08-22 12:45:31  849000  192299944 -->183.39M
2015-08-22 12:45:31  850000  192561400 -->183.64M
2015-08-22 12:45:31  851000  192822872 -->183.89M
2015-08-22 12:45:31  852000  193084200 -->184.14M
2015-08-22 12:45:32  853000  193345256 -->184.39M
2015-08-22 12:45:32  854000  193606408 -->184.64M
2015-08-22 12:45:32  855000  193867912 -->184.89M
2015-08-22 12:45:32  856000  194128536 -->185.14M
2015-08-22 12:45:32  857000  194389448 -->185.38M
2015-08-22 12:45:32  858000  194650376 -->185.63M
2015-08-22 12:45:32  859000  194910952 -->185.88M
2015-08-22 12:45:32  860000  195171832 -->186.13M
2015-08-22 12:45:32  861000  195432760 -->186.38M
2015-08-22 12:45:32  862000  195693416 -->186.63M
2015-08-22 12:45:32  863000  195954280 -->186.88M
2015-08-22 12:45:32  864000  196214776 -->187.12M
2015-08-22 12:45:33  865000  196475480 -->187.37M
2015-08-22 12:45:33  866000  196737864 -->187.62M
2015-08-22 12:45:33  867000  196998824 -->187.87M
2015-08-22 12:45:33  868000  197259272 -->188.12M
2015-08-22 12:45:33  869000  197520584 -->188.37M
2015-08-22 12:45:33  870000  197781560 -->188.62M
2015-08-22 12:45:33  871000  198042008 -->188.87M
2015-08-22 12:45:33  872000  198302840 -->189.12M
2015-08-22 12:45:33  873000  198564152 -->189.37M
2015-08-22 12:45:33  874000  198824728 -->189.61M
2015-08-22 12:45:33  875000  199085816 -->189.86M
2015-08-22 12:45:34  876000  199346808 -->190.11M
2015-08-22 12:45:34  877000  199607352 -->190.36M
2015-08-22 12:45:34  878000  199869032 -->190.61M
2015-08-22 12:45:34  879000  200129992 -->190.86M
2015-08-22 12:45:34  880000  200390504 -->191.11M
2015-08-22 12:45:34  881000  200651784 -->191.36M
2015-08-22 12:45:34  882000  200912840 -->191.61M
2015-08-22 12:45:34  883000  201173880 -->191.85M
2015-08-22 12:45:34  884000  201434648 -->192.10M
2015-08-22 12:45:34  885000  201696136 -->192.35M
2015-08-22 12:45:34  886000  201956888 -->192.60M
2015-08-22 12:45:34  887000  202216344 -->192.85M
2015-08-22 12:45:35  888000  202475064 -->193.10M
2015-08-22 12:45:35  889000  202735864 -->193.34M
2015-08-22 12:45:35  890000  202996856 -->193.59M
2015-08-22 12:45:35  891000  203257656 -->193.84M
2015-08-22 12:45:35  892000  203518712 -->194.09M
2015-08-22 12:45:35  893000  203780040 -->194.34M
2015-08-22 12:45:35  894000  204040616 -->194.59M
2015-08-22 12:45:35  895000  204301496 -->194.84M
2015-08-22 12:45:35  896000  204563464 -->195.09M
2015-08-22 12:45:35  897000  204824584 -->195.34M
2015-08-22 12:45:36  898000  205085176 -->195.58M
2015-08-22 12:45:36  899000  205345544 -->195.83M
2015-08-22 12:45:36  900000  205606680 -->196.08M
2015-08-22 12:45:36  901000  205867544 -->196.33M
2015-08-22 12:45:36  902000  206128552 -->196.58M
2015-08-22 12:45:36  903000  206389688 -->196.83M
2015-08-22 12:45:36  904000  206650648 -->197.08M
2015-08-22 12:45:36  905000  206911176 -->197.33M
2015-08-22 12:45:36  906000  207172568 -->197.58M
2015-08-22 12:45:36  907000  207434136 -->197.82M
2015-08-22 12:45:36  908000  207694856 -->198.07M
2015-08-22 12:45:36  909000  207956152 -->198.32M
2015-08-22 12:45:37  910000  208216568 -->198.57M
2015-08-22 12:45:37  911000  208477784 -->198.82M
2015-08-22 12:45:37  912000  208738712 -->199.07M
2015-08-22 12:45:37  913000  209000072 -->199.32M
2015-08-22 12:45:37  914000  209261080 -->199.57M
2015-08-22 12:45:37  915000  209522024 -->199.82M
2015-08-22 12:45:37  916000  209783000 -->200.06M
2015-08-22 12:45:37  917000  210043512 -->200.31M
2015-08-22 12:45:37  918000  210304488 -->200.56M
2015-08-22 12:45:37  919000  210565608 -->200.81M
2015-08-22 12:45:37  920000  210827032 -->201.06M
2015-08-22 12:45:38  921000  211088392 -->201.31M
2015-08-22 12:45:38  922000  211349608 -->201.56M
2015-08-22 12:45:38  923000  211609080 -->201.81M
2015-08-22 12:45:38  924000  211870840 -->202.06M
2015-08-22 12:45:38  925000  212131848 -->202.30M
2015-08-22 12:45:38  926000  212392776 -->202.55M
2015-08-22 12:45:38  927000  212653464 -->202.80M
2015-08-22 12:45:38  928000  212915064 -->203.05M
2015-08-22 12:45:38  929000  213176232 -->203.30M
2015-08-22 12:45:38  930000  213438104 -->203.55M
2015-08-22 12:45:38  931000  213699144 -->203.80M
2015-08-22 12:45:38  932000  213960104 -->204.05M
2015-08-22 12:45:39  933000  214221288 -->204.30M
2015-08-22 12:45:39  934000  214481832 -->204.55M
2015-08-22 12:45:39  935000  214742792 -->204.79M
2015-08-22 12:45:39  936000  215003976 -->205.04M
2015-08-22 12:45:39  937000  215264936 -->205.29M
2015-08-22 12:45:39  938000  215525560 -->205.54M
2015-08-22 12:45:39  939000  215785864 -->205.79M
2015-08-22 12:45:39  940000  216047048 -->206.04M
2015-08-22 12:45:39  941000  216308152 -->206.29M
2015-08-22 12:45:39  942000  216568584 -->206.54M
2015-08-22 12:45:39  943000  216830552 -->206.79M
2015-08-22 12:45:39  944000  217091672 -->207.03M
2015-08-22 12:45:40  945000  217352104 -->207.28M
2015-08-22 12:45:40  946000  217613096 -->207.53M
2015-08-22 12:45:40  947000  217874888 -->207.78M
2015-08-22 12:45:40  948000  218136456 -->208.03M
2015-08-22 12:45:40  949000  218396760 -->208.28M
2015-08-22 12:45:40  950000  218658280 -->208.53M
2015-08-22 12:45:40  951000  218918712 -->208.78M
2015-08-22 12:45:40  952000  219180168 -->209.03M
2015-08-22 12:45:40  953000  219441400 -->209.28M
2015-08-22 12:45:40  954000  219702296 -->209.52M
2015-08-22 12:45:40  955000  219963864 -->209.77M
2015-08-22 12:45:41  956000  220225320 -->210.02M
2015-08-22 12:45:41  957000  220485656 -->210.27M
2015-08-22 12:45:41  958000  220742408 -->210.52M
2015-08-22 12:45:41  959000  221003336 -->210.77M
2015-08-22 12:45:41  960000  221264328 -->211.01M
2015-08-22 12:45:41  961000  221525464 -->211.26M
2015-08-22 12:45:41  962000  221786152 -->211.51M
2015-08-22 12:45:41  963000  222047352 -->211.76M
2015-08-22 12:45:41  964000  222308888 -->212.01M
2015-08-22 12:45:41  965000  222569832 -->212.26M
2015-08-22 12:45:41  966000  222831000 -->212.51M
2015-08-22 12:45:41  967000  223091368 -->212.76M
2015-08-22 12:45:42  968000  223352312 -->213.01M
2015-08-22 12:45:42  969000  223612408 -->213.25M
2015-08-22 12:45:42  970000  223873128 -->213.50M
2015-08-22 12:45:42  971000  224134408 -->213.75M
2015-08-22 12:45:42  972000  224394952 -->214.00M
2015-08-22 12:45:42  973000  224656216 -->214.25M
2015-08-22 12:45:42  974000  224916440 -->214.50M
2015-08-22 12:45:42  975000  225177704 -->214.75M
2015-08-22 12:45:42  976000  225439144 -->215.00M
2015-08-22 12:45:42  977000  225700248 -->215.24M
2015-08-22 12:45:42  978000  225961784 -->215.49M
2015-08-22 12:45:43  979000  226223144 -->215.74M
2015-08-22 12:45:43  980000  226483528 -->215.99M
2015-08-22 12:45:43  981000  226744296 -->216.24M
2015-08-22 12:45:43  982000  227004600 -->216.49M
2015-08-22 12:45:43  983000  227266040 -->216.74M
2015-08-22 12:45:43  984000  227527112 -->216.99M
2015-08-22 12:45:43  985000  227787928 -->217.24M
2015-08-22 12:45:43  986000  228049816 -->217.49M
2015-08-22 12:45:43  987000  228310040 -->217.73M
2015-08-22 12:45:43  988000  228571672 -->217.98M
2015-08-22 12:45:43  989000  228832696 -->218.23M
2015-08-22 12:45:43  990000  229093656 -->218.48M
2015-08-22 12:45:44  991000  229354936 -->218.73M
2015-08-22 12:45:44  992000  229616040 -->218.98M
2015-08-22 12:45:44  993000  229877672 -->219.23M
2015-08-22 12:45:44  994000  230139272 -->219.48M
2015-08-22 12:45:44  995000  230400600 -->219.73M
2015-08-22 12:45:44  996000  230661304 -->219.98M
2015-08-22 12:45:44  997000  230922200 -->220.22M
2015-08-22 12:45:44  998000  231183144 -->220.47M
2015-08-22 12:45:44  999000  231444408 -->220.72M
2015-08-22 12:45:44 1000000  231705336 -->220.97M
2015-08-22 12:45:44 1001000  231966184 -->221.22M
2015-08-22 12:45:45 1002000  232227304 -->221.47M
2015-08-22 12:45:45 1003000  232488744 -->221.72M
2015-08-22 12:45:45 1004000  232749464 -->221.97M
2015-08-22 12:45:45 1005000  233009832 -->222.22M
2015-08-22 12:45:45 1006000  233270168 -->222.46M
2015-08-22 12:45:45 1007000  233530824 -->222.71M
2015-08-22 12:45:45 1008000  233791672 -->222.96M
2015-08-22 12:45:45 1009000  234052568 -->223.21M
2015-08-22 12:45:45 1010000  234313544 -->223.46M
2015-08-22 12:45:45 1011000  234574408 -->223.71M
2015-08-22 12:45:45 1012000  234835688 -->223.96M
2015-08-22 12:45:45 1013000  235096584 -->224.21M
2015-08-22 12:45:46 1014000  235357640 -->224.45M
2015-08-22 12:45:46 1015000  235618136 -->224.70M
2015-08-22 12:45:46 1016000  235879352 -->224.95M
2015-08-22 12:45:46 1017000  236140408 -->225.20M
2015-08-22 12:45:46 1018000  236401160 -->225.45M
2015-08-22 12:45:46 1019000  236662072 -->225.70M
2015-08-22 12:45:46 1020000  236923496 -->225.95M
2015-08-22 12:45:46 1021000  237184184 -->226.20M
2015-08-22 12:45:46 1022000  237445592 -->226.45M
2015-08-22 12:45:46 1023000  237707352 -->226.70M
2015-08-22 12:45:46 1024000  237968456 -->226.94M
2015-08-22 12:45:46 1025000  238227544 -->227.19M
2015-08-22 12:45:47 1026000  238488760 -->227.44M
2015-08-22 12:45:47 1027000  238749768 -->227.69M
2015-08-22 12:45:47 1028000  239010584 -->227.94M
2015-08-22 12:45:47 1029000  239271768 -->228.19M
2015-08-22 12:45:47 1030000  239532280 -->228.44M
2015-08-22 12:45:47 1031000  239793288 -->228.68M
2015-08-22 12:45:47 1032000  240054920 -->228.93M
2015-08-22 12:45:47 1033000  240315960 -->229.18M
2015-08-22 12:45:47 1034000  240577192 -->229.43M
2015-08-22 12:45:47 1035000  240837704 -->229.68M
2015-08-22 12:45:47 1036000  241098424 -->229.93M
2015-08-22 12:45:48 1037000  241359272 -->230.18M
2015-08-22 12:45:48 1038000  241620600 -->230.43M
2015-08-22 12:45:48 1039000  241881624 -->230.68M
2015-08-22 12:45:48 1040000  242142440 -->230.93M
2015-08-22 12:45:48 1041000  242403304 -->231.17M
2015-08-22 12:45:48 1042000  242664456 -->231.42M
2015-08-22 12:45:48 1043000  242924648 -->231.67M
2015-08-22 12:45:48 1044000  243185896 -->231.92M
2015-08-22 12:45:48 1045000  243447400 -->232.17M
2015-08-22 12:45:48 1046000  243708344 -->232.42M
2015-08-22 12:45:48 1047000  243968936 -->232.67M
2015-08-22 12:45:48 1048000  244230376 -->232.92M
2015-08-22 12:45:49 1049000  244489784 -->233.16M
2015-08-22 12:45:49 1050000  244750616 -->233.41M
2015-08-22 12:45:49 1051000  245012328 -->233.66M
2015-08-22 12:45:49 1052000  245272760 -->233.91M
2015-08-22 12:45:49 1053000  245533656 -->234.16M
2015-08-22 12:45:49 1054000  245795032 -->234.41M
2015-08-22 12:45:49 1055000  246055864 -->234.66M
2015-08-22 12:45:49 1056000  246316392 -->234.91M
2015-08-22 12:45:49 1057000  246577032 -->235.15M
2015-08-22 12:45:49 1058000  246838376 -->235.40M
2015-08-22 12:45:49 1059000  247099496 -->235.65M
2015-08-22 12:45:50 1060000  247360632 -->235.90M
2015-08-22 12:45:50 1061000  247621368 -->236.15M
2015-08-22 12:45:50 1062000  247882280 -->236.40M
2015-08-22 12:45:50 1063000  248143432 -->236.65M
2015-08-22 12:45:50 1064000  248404200 -->236.90M
2015-08-22 12:45:50 1065000  248664920 -->237.15M
2015-08-22 12:45:50 1066000  248925864 -->237.39M
2015-08-22 12:45:50 1067000  249186168 -->237.64M
2015-08-22 12:45:50 1068000  249446856 -->237.89M
2015-08-22 12:45:50 1069000  249708280 -->238.14M
2015-08-22 12:45:50 1070000  249969304 -->238.39M
2015-08-22 12:45:51 1071000  250230536 -->238.64M
2015-08-22 12:45:51 1072000  250490984 -->238.89M
2015-08-22 12:45:51 1073000  250751944 -->239.14M
2015-08-22 12:45:51 1074000  251013384 -->239.39M
2015-08-22 12:45:51 1075000  251274168 -->239.63M
2015-08-22 12:45:51 1076000  251535384 -->239.88M
2015-08-22 12:45:51 1077000  251796968 -->240.13M
2015-08-22 12:45:51 1078000  252058232 -->240.38M
2015-08-22 12:45:51 1079000  252319464 -->240.63M
2015-08-22 12:45:51 1080000  252580136 -->240.88M
2015-08-22 12:45:51 1081000  252841384 -->241.13M
2015-08-22 12:45:51 1082000  253101864 -->241.38M
2015-08-22 12:45:52 1083000  253362936 -->241.63M
2015-08-22 12:45:52 1084000  253622792 -->241.87M
2015-08-22 12:45:52 1085000  253882632 -->242.12M
2015-08-22 12:45:52 1086000  254143832 -->242.37M
2015-08-22 12:45:52 1087000  254405128 -->242.62M
2015-08-22 12:45:52 1088000  254665096 -->242.87M
2015-08-22 12:45:52 1089000  254927064 -->243.12M
2015-08-22 12:45:52 1090000  255188168 -->243.37M
2015-08-22 12:45:52 1091000  255443240 -->243.61M
2015-08-22 12:45:52 1092000  255704072 -->243.86M
2015-08-22 12:45:52 1093000  255965032 -->244.11M
2015-08-22 12:45:52 1094000  256225352 -->244.36M
2015-08-22 12:45:53 1095000  256486920 -->244.60M
2015-08-22 12:45:53 1096000  256747784 -->244.85M
2015-08-22 12:45:53 1097000  257008840 -->245.10M
2015-08-22 12:45:53 1098000  257269752 -->245.35M
2015-08-22 12:45:53 1099000  257530936 -->245.60M
2015-08-22 12:45:53 1100000  257792264 -->245.85M
2015-08-22 12:45:53 1101000  258051960 -->246.10M
2015-08-22 12:45:53 1102000  258313256 -->246.35M
2015-08-22 12:45:53 1103000  258573256 -->246.59M
2015-08-22 12:45:53 1104000  258834584 -->246.84M
2015-08-22 12:45:53 1105000  259094872 -->247.09M
2015-08-22 12:45:54 1106000  259354584 -->247.34M
2015-08-22 12:45:54 1107000  259616520 -->247.59M
2015-08-22 12:45:54 1108000  259877928 -->247.84M
2015-08-22 12:45:54 1109000  260138184 -->248.09M
2015-08-22 12:45:54 1110000  260399304 -->248.34M
2015-08-22 12:45:54 1111000  260660744 -->248.59M
2015-08-22 12:45:54 1112000  260921224 -->248.83M
2015-08-22 12:45:54 1113000  261181880 -->249.08M
2015-08-22 12:45:54 1114000  261442824 -->249.33M
2015-08-22 12:45:54 1115000  261703960 -->249.58M
2015-08-22 12:45:54 1116000  261964840 -->249.83M
2015-08-22 12:45:54 1117000  262226728 -->250.08M
2015-08-22 12:45:55 1118000  262487080 -->250.33M
2015-08-22 12:45:55 1119000  262747864 -->250.58M
2015-08-22 12:45:55 1120000  263008984 -->250.82M
2015-08-22 12:45:55 1121000  263270248 -->251.07M
2015-08-22 12:45:55 1122000  263531608 -->251.32M
2015-08-22 12:45:55 1123000  263792744 -->251.57M
2015-08-22 12:45:56 1124000  264054952 -->251.82M
2015-08-22 12:45:56 1125000  264315736 -->252.07M
2015-08-22 12:45:56 1126000  264577048 -->252.32M
2015-08-22 12:45:56 1127000  264838296 -->252.57M
2015-08-22 12:45:56 1128000  265099880 -->252.82M
2015-08-22 12:45:56 1129000  265360632 -->253.07M
2015-08-22 12:45:56 1130000  265621640 -->253.32M
2015-08-22 12:45:57 1131000  265882968 -->253.57M
2015-08-22 12:45:57 1132000  266142968 -->253.81M
2015-08-22 12:45:57 1133000  266403816 -->254.06M
2015-08-22 12:45:57 1134000  266665528 -->254.31M
2015-08-22 12:45:57 1135000  266927384 -->254.56M
2015-08-22 12:45:57 1136000  267188280 -->254.81M
2015-08-22 12:45:58 1137000  267448808 -->255.06M
2015-08-22 12:45:58 1138000  267710232 -->255.31M
2015-08-22 12:45:58 1139000  267971176 -->255.56M
2015-08-22 12:45:58 1140000  268231976 -->255.81M
2015-08-22 12:45:58 1141000  268493480 -->256.06M
2015-08-22 12:45:58 1142000  268755048 -->256.30M
2015-08-22 12:45:58 1143000  269015816 -->256.55M
2015-08-22 12:45:59 1144000  269276904 -->256.80M
2015-08-22 12:45:59 1145000  269538152 -->257.05M
2015-08-22 12:45:59 1146000  269799336 -->257.30M
2015-08-22 12:45:59 1147000  270059624 -->257.55M
2015-08-22 12:45:59 1148000  270321096 -->257.80M
2015-08-22 12:45:59 1149000  270582184 -->258.05M
2015-08-22 12:46:00 1150000  270843224 -->258.30M
2015-08-22 12:46:00 1151000  271103800 -->258.54M
2015-08-22 12:46:00 1152000  271364216 -->258.79M
2015-08-22 12:46:00 1153000  271624344 -->259.04M
2015-08-22 12:46:00 1154000  271885352 -->259.29M
2015-08-22 12:46:00 1155000  272145992 -->259.54M
2015-08-22 12:46:00 1156000  272407224 -->259.79M
2015-08-22 12:46:01 1157000  272668312 -->260.04M
2015-08-22 12:46:01 1158000  272929640 -->260.29M
2015-08-22 12:46:01 1159000  273190952 -->260.54M
2015-08-22 12:46:01 1160000  273452088 -->260.78M
2015-08-22 12:46:01 1161000  273713448 -->261.03M
2015-08-22 12:46:01 1162000  273975000 -->261.28M
2015-08-22 12:46:01 1163000  274235432 -->261.53M
2015-08-22 12:46:01 1164000  274495928 -->261.78M
2015-08-22 12:46:01 1165000  274756728 -->262.03M
2015-08-22 12:46:02 1166000  275018376 -->262.28M
2015-08-22 12:46:02 1167000  275279128 -->262.53M
2015-08-22 12:46:02 1168000  275540120 -->262.78M
2015-08-22 12:46:02 1169000  275801208 -->263.02M
2015-08-22 12:46:02 1170000  276061368 -->263.27M
2015-08-22 12:46:02 1171000  276322664 -->263.52M
2015-08-22 12:46:03 1172000  276584440 -->263.77M
2015-08-22 12:46:03 1173000  276845560 -->264.02M
2015-08-22 12:46:03 1174000  277106136 -->264.27M
2015-08-22 12:46:03 1175000  277367288 -->264.52M
2015-08-22 12:46:03 1176000  277628504 -->264.77M
2015-08-22 12:46:03 1177000  277890552 -->265.02M
2015-08-22 12:46:03 1178000  278152024 -->265.27M
2015-08-22 12:46:04 1179000  278413368 -->265.52M
2015-08-22 12:46:04 1180000  278674056 -->265.76M
2015-08-22 12:46:04 1181000  278933016 -->266.01M
2015-08-22 12:46:04 1182000  279193976 -->266.26M
2015-08-22 12:46:04 1183000  279454744 -->266.51M
2015-08-22 12:46:04 1184000  279715736 -->266.76M
2015-08-22 12:46:04 1185000  279977128 -->267.01M
2015-08-22 12:46:04 1186000  280238440 -->267.26M
2015-08-22 12:46:04 1187000  280500136 -->267.51M
2015-08-22 12:46:04 1188000  280760936 -->267.75M
2015-08-22 12:46:05 1189000  281022616 -->268.00M
2015-08-22 12:46:05 1190000  281283336 -->268.25M
2015-08-22 12:46:05 1191000  281544696 -->268.50M
2015-08-22 12:46:05 1192000  281805992 -->268.75M
2015-08-22 12:46:05 1193000  282066936 -->269.00M
2015-08-22 12:46:05 1194000  282326104 -->269.25M
2015-08-22 12:46:05 1195000  282584472 -->269.49M
2015-08-22 12:46:05 1196000  282845416 -->269.74M
2015-08-22 12:46:05 1197000  283106616 -->269.99M
2015-08-22 12:46:05 1198000  283366968 -->270.24M
2015-08-22 12:46:05 1199000  283628488 -->270.49M
2015-08-22 12:46:06 1200000  283888920 -->270.74M
2015-08-22 12:46:06 1201000  284150168 -->270.99M
2015-08-22 12:46:06 1202000  284411128 -->271.24M
2015-08-22 12:46:06 1203000  284672168 -->271.48M
2015-08-22 12:46:06 1204000  284932968 -->271.73M
2015-08-22 12:46:06 1205000  285194344 -->271.98M
2015-08-22 12:46:06 1206000  285455656 -->272.23M
2015-08-22 12:46:06 1207000  285716456 -->272.48M
2015-08-22 12:46:06 1208000  285977848 -->272.73M
2015-08-22 12:46:06 1209000  286239048 -->272.98M
2015-08-22 12:46:06 1210000  286499672 -->273.23M
2015-08-22 12:46:07 1211000  286760616 -->273.48M
2015-08-22 12:46:07 1212000  287022056 -->273.73M
2015-08-22 12:46:07 1213000  287283048 -->273.97M
2015-08-22 12:46:07 1214000  287543928 -->274.22M
2015-08-22 12:46:07 1215000  287804792 -->274.47M
2015-08-22 12:46:07 1216000  288065576 -->274.72M
2015-08-22 12:46:07 1217000  288326664 -->274.97M
2015-08-22 12:46:07 1218000  288588024 -->275.22M
2015-08-22 12:46:07 1219000  288847528 -->275.47M
2015-08-22 12:46:07 1220000  289108984 -->275.72M
2015-08-22 12:46:07 1221000  289369544 -->275.96M
2015-08-22 12:46:08 1222000  289630328 -->276.21M
2015-08-22 12:46:08 1223000  289891272 -->276.46M
2015-08-22 12:46:08 1224000  323706760 -->308.71M
2015-08-22 12:46:08 1225000  323967048 -->308.96M
2015-08-22 12:46:08 1226000  324228792 -->309.21M
2015-08-22 12:46:08 1227000  324489064 -->309.46M
2015-08-22 12:46:08 1228000  324750712 -->309.71M
2015-08-22 12:46:08 1229000  325011448 -->309.96M
2015-08-22 12:46:08 1230000  325272632 -->310.20M
2015-08-22 12:46:08 1231000  325534056 -->310.45M
2015-08-22 12:46:08 1232000  325795080 -->310.70M
2015-08-22 12:46:09 1233000  326056216 -->310.95M
2015-08-22 12:46:09 1234000  326317816 -->311.20M
2015-08-22 12:46:09 1235000  326578472 -->311.45M
2015-08-22 12:46:09 1236000  326840344 -->311.70M
2015-08-22 12:46:09 1237000  327102216 -->311.95M
2015-08-22 12:46:09 1238000  327363016 -->312.20M
2015-08-22 12:46:09 1239000  327624104 -->312.45M
2015-08-22 12:46:09 1240000  327884968 -->312.70M
2015-08-22 12:46:09 1241000  328147032 -->312.95M
2015-08-22 12:46:09 1242000  328407032 -->313.19M
2015-08-22 12:46:10 1243000  328668472 -->313.44M
2015-08-22 12:46:10 1244000  328929240 -->313.69M
2015-08-22 12:46:10 1245000  329190456 -->313.94M
2015-08-22 12:46:10 1246000  329450088 -->314.19M
2015-08-22 12:46:10 1247000  329711512 -->314.44M
2015-08-22 12:46:10 1248000  329972936 -->314.69M
2015-08-22 12:46:10 1249000  330234296 -->314.94M
2015-08-22 12:46:10 1250000  330496280 -->315.19M
2015-08-22 12:46:10 1251000  330757448 -->315.43M
2015-08-22 12:46:10 1252000  331017256 -->315.68M
2015-08-22 12:46:10 1253000  331278488 -->315.93M
2015-08-22 12:46:11 1254000  331538584 -->316.18M
2015-08-22 12:46:11 1255000  331799640 -->316.43M
2015-08-22 12:46:11 1256000  332060520 -->316.68M
2015-08-22 12:46:11 1257000  332321800 -->316.93M
2015-08-22 12:46:11 1258000  332583928 -->317.18M
2015-08-22 12:46:11 1259000  332845192 -->317.43M
2015-08-22 12:46:11 1260000  333106504 -->317.68M
2015-08-22 12:46:11 1261000  333367400 -->317.92M
2015-08-22 12:46:11 1262000  333628776 -->318.17M
2015-08-22 12:46:11 1263000  333888424 -->318.42M
2015-08-22 12:46:11 1264000  334149048 -->318.67M
2015-08-22 12:46:12 1265000  334411160 -->318.92M
2015-08-22 12:46:12 1266000  334672408 -->319.17M
2015-08-22 12:46:12 1267000  334932968 -->319.42M
2015-08-22 12:46:12 1268000  335193944 -->319.67M
2015-08-22 12:46:12 1269000  335452824 -->319.91M
2015-08-22 12:46:12 1270000  335713736 -->320.16M
2015-08-22 12:46:12 1271000  335975576 -->320.41M
2015-08-22 12:46:12 1272000  336236152 -->320.66M
2015-08-22 12:46:12 1273000  336497288 -->320.91M
2015-08-22 12:46:12 1274000  336756088 -->321.16M
2015-08-22 12:46:12 1275000  337017368 -->321.40M
2015-08-22 12:46:13 1276000  337278072 -->321.65M
2015-08-22 12:46:13 1277000  337539192 -->321.90M
2015-08-22 12:46:13 1278000  337800680 -->322.15M
2015-08-22 12:46:13 1279000  338061624 -->322.40M
2015-08-22 12:46:13 1280000  338322104 -->322.65M
2015-08-22 12:46:13 1281000  338583320 -->322.90M
2015-08-22 12:46:13 1282000  338844280 -->323.15M
2015-08-22 12:46:13 1283000  339106056 -->323.40M
2015-08-22 12:46:13 1284000  339366600 -->323.65M
2015-08-22 12:46:13 1285000  339628072 -->323.89M
2015-08-22 12:46:13 1286000  339889000 -->324.14M
2015-08-22 12:46:14 1287000  340148520 -->324.39M
2015-08-22 12:46:14 1288000  340409096 -->324.64M
2015-08-22 12:46:14 1289000  340670536 -->324.89M
2015-08-22 12:46:14 1290000  340931256 -->325.14M
2015-08-22 12:46:14 1291000  341190248 -->325.38M
2015-08-22 12:46:14 1292000  341450552 -->325.63M
2015-08-22 12:46:14 1293000  341711928 -->325.88M
2015-08-22 12:46:14 1294000  341972568 -->326.13M
2015-08-22 12:46:14 1295000  342233272 -->326.38M
2015-08-22 12:46:14 1296000  342493768 -->326.63M
2015-08-22 12:46:14 1297000  342755512 -->326.88M
2015-08-22 12:46:15 1298000  343016712 -->327.13M
2015-08-22 12:46:15 1299000  343278280 -->327.38M
2015-08-22 12:46:15 1300000  343539128 -->327.62M
2015-08-22 12:46:15 1301000  343799768 -->327.87M
2015-08-22 12:46:15 1302000  344061560 -->328.12M
2015-08-22 12:46:15 1303000  344322840 -->328.37M
2015-08-22 12:46:15 1304000  344583736 -->328.62M
2015-08-22 12:46:15 1305000  344844856 -->328.87M
2015-08-22 12:46:15 1306000  345105144 -->329.12M
2015-08-22 12:46:15 1307000  345365672 -->329.37M
2015-08-22 12:46:15 1308000  345626264 -->329.61M
2015-08-22 12:46:16 1309000  345887960 -->329.86M
2015-08-22 12:46:16 1310000  346149672 -->330.11M
2015-08-22 12:46:16 1311000  346411320 -->330.36M
2015-08-22 12:46:16 1312000  346671432 -->330.61M
2015-08-22 12:46:16 1313000  346932792 -->330.86M
2015-08-22 12:46:16 1314000  347193544 -->331.11M
2015-08-22 12:46:16 1315000  347454648 -->331.36M
2015-08-22 12:46:16 1316000  347715144 -->331.61M
2015-08-22 12:46:16 1317000  347976024 -->331.86M
2015-08-22 12:46:16 1318000  348236600 -->332.10M
2015-08-22 12:46:16 1319000  348497576 -->332.35M
2015-08-22 12:46:17 1320000  348759064 -->332.60M
2015-08-22 12:46:17 1321000  349020552 -->332.85M
2015-08-22 12:46:17 1322000  349281656 -->333.10M
2015-08-22 12:46:17 1323000  349542616 -->333.35M
2015-08-22 12:46:17 1324000  349801144 -->333.60M
2015-08-22 12:46:17 1325000  350062392 -->333.85M
2015-08-22 12:46:17 1326000  350323400 -->334.09M
2015-08-22 12:46:17 1327000  350584360 -->334.34M
2015-08-22 12:46:17 1328000  350845112 -->334.59M
2015-08-22 12:46:17 1329000  351105800 -->334.84M
2015-08-22 12:46:17 1330000  351367512 -->335.09M
2015-08-22 12:46:18 1331000  351628360 -->335.34M
2015-08-22 12:46:18 1332000  351889416 -->335.59M
2015-08-22 12:46:18 1333000  352150184 -->335.84M
2015-08-22 12:46:18 1334000  352411256 -->336.09M
2015-08-22 12:46:18 1335000  352671912 -->336.33M
2015-08-22 12:46:18 1336000  352932680 -->336.58M
2015-08-22 12:46:18 1337000  353193288 -->336.83M
2015-08-22 12:46:18 1338000  353454120 -->337.08M
2015-08-22 12:46:18 1339000  353714824 -->337.33M
2015-08-22 12:46:18 1340000  353975256 -->337.58M
2015-08-22 12:46:18 1341000  354232360 -->337.82M
2015-08-22 12:46:19 1342000  354493864 -->338.07M
2015-08-22 12:46:19 1343000  354754440 -->338.32M
2015-08-22 12:46:19 1344000  355015688 -->338.57M
2015-08-22 12:46:19 1345000  355277032 -->338.82M
2015-08-22 12:46:19 1346000  355538312 -->339.07M
2015-08-22 12:46:19 1347000  355799672 -->339.32M
2015-08-22 12:46:19 1348000  356059480 -->339.56M
2015-08-22 12:46:19 1349000  356320264 -->339.81M
2015-08-22 12:46:19 1350000  356581288 -->340.06M
2015-08-22 12:46:19 1351000  356841416 -->340.31M
2015-08-22 12:46:19 1352000  357101400 -->340.56M
2015-08-22 12:46:20 1353000  357362376 -->340.81M
2015-08-22 12:46:20 1354000  357622920 -->341.06M
2015-08-22 12:46:20 1355000  357883816 -->341.30M
2015-08-22 12:46:20 1356000  358144488 -->341.55M
2015-08-22 12:46:20 1357000  350016952 -->333.80M
2015-08-22 12:46:20 1358000  350278840 -->334.05M
2015-08-22 12:46:20 1359000  350540424 -->334.30M
2015-08-22 12:46:20 1360000  350801640 -->334.55M
2015-08-22 12:46:20 1361000  351063320 -->334.80M
2015-08-22 12:46:20 1362000  351324344 -->335.05M
2015-08-22 12:46:20 1363000  351585336 -->335.30M
2015-08-22 12:46:21 1364000  351846728 -->335.55M
2015-08-22 12:46:21 1365000  352107848 -->335.80M
2015-08-22 12:46:21 1366000  352368968 -->336.05M
2015-08-22 12:46:21 1367000  352629992 -->336.29M
2015-08-22 12:46:21 1368000  352888664 -->336.54M
2015-08-22 12:46:21 1369000  353149640 -->336.79M
2015-08-22 12:46:21 1370000  353410568 -->337.04M
2015-08-22 12:46:21 1371000  353671912 -->337.29M
2015-08-22 12:46:21 1372000  353932872 -->337.54M
2015-08-22 12:46:21 1373000  354193992 -->337.79M
2015-08-22 12:46:21 1374000  354455304 -->338.03M
2015-08-22 12:46:22 1375000  354714680 -->338.28M
2015-08-22 12:46:22 1376000  354975704 -->338.53M
2015-08-22 12:46:22 1377000  355236424 -->338.78M
2015-08-22 12:46:22 1378000  355496184 -->339.03M
2015-08-22 12:46:22 1379000  355758072 -->339.28M
2015-08-22 12:46:22 1380000  356019496 -->339.53M
2015-08-22 12:46:22 1381000  356280488 -->339.78M
2015-08-22 12:46:22 1382000  356542296 -->340.03M
2015-08-22 12:46:22 1383000  356803016 -->340.27M
2015-08-22 12:46:22 1384000  357064680 -->340.52M
2015-08-22 12:46:22 1385000  357326488 -->340.77M
2015-08-22 12:46:22 1386000  357586904 -->341.02M
2015-08-22 12:46:23 1387000  357847528 -->341.27M
2015-08-22 12:46:23 1388000  358108584 -->341.52M
2015-08-22 12:46:23 1389000  358370200 -->341.77M
2015-08-22 12:46:23 1390000  358631416 -->342.02M
2015-08-22 12:46:23 1391000  358891976 -->342.27M
2015-08-22 12:46:23 1392000  359153704 -->342.52M
2015-08-22 12:46:23 1393000  359415304 -->342.77M
2015-08-22 12:46:23 1394000  359676232 -->343.01M
2015-08-22 12:46:23 1395000  359937416 -->343.26M
2015-08-22 12:46:23 1396000  360197624 -->343.51M
2015-08-22 12:46:23 1397000  360459112 -->343.76M
2015-08-22 12:46:24 1398000  360719688 -->344.01M
2015-08-22 12:46:24 1399000  360980472 -->344.26M
2015-08-22 12:46:24 1400000  361241912 -->344.51M
2015-08-22 12:46:24 1401000  361502536 -->344.76M
2015-08-22 12:46:24 1402000  361763080 -->345.00M
2015-08-22 12:46:24 1403000  362023528 -->345.25M
2015-08-22 12:46:24 1404000  362285176 -->345.50M
2015-08-22 12:46:24 1405000  362546184 -->345.75M
2015-08-22 12:46:24 1406000  362807336 -->346.00M
2015-08-22 12:46:25 1407000  363067928 -->346.25M
2015-08-22 12:46:25 1408000  363329224 -->346.50M
2015-08-22 12:46:25 1409000  363590408 -->346.75M
2015-08-22 12:46:25 1410000  363851272 -->347.00M
2015-08-22 12:46:25 1411000  364112872 -->347.25M
2015-08-22 12:46:25 1412000  364373992 -->347.49M
2015-08-22 12:46:25 1413000  364635208 -->347.74M
2015-08-22 12:46:25 1414000  364896424 -->347.99M
2015-08-22 12:46:25 1415000  365154568 -->348.24M
2015-08-22 12:46:25 1416000  365415928 -->348.49M
2015-08-22 12:46:26 1417000  365678344 -->348.74M
2015-08-22 12:46:26 1418000  365939528 -->348.99M
2015-08-22 12:46:26 1419000  366200632 -->349.24M
2015-08-22 12:46:26 1420000  366461752 -->349.49M
2015-08-22 12:46:26 1421000  366722728 -->349.73M
2015-08-22 12:46:26 1422000  366983640 -->349.98M
2015-08-22 12:46:26 1423000  367244440 -->350.23M
2015-08-22 12:46:26 1424000  367504504 -->350.48M
2015-08-22 12:46:26 1425000  367765832 -->350.73M
2015-08-22 12:46:26 1426000  368026840 -->350.98M
2015-08-22 12:46:27 1427000  368287992 -->351.23M
2015-08-22 12:46:27 1428000  368548792 -->351.48M
2015-08-22 12:46:27 1429000  368809896 -->351.72M
2015-08-22 12:46:27 1430000  369070696 -->351.97M
2015-08-22 12:46:27 1431000  369331416 -->352.22M
2015-08-22 12:46:27 1432000  369590504 -->352.47M
2015-08-22 12:46:27 1433000  369851432 -->352.72M
2015-08-22 12:46:27 1434000  370109096 -->352.96M
2015-08-22 12:46:27 1435000  370369928 -->353.21M
2015-08-22 12:46:27 1436000  370630824 -->353.46M
2015-08-22 12:46:28 1437000  370891752 -->353.71M
2015-08-22 12:46:28 1438000  371153384 -->353.96M
2015-08-22 12:46:28 1439000  371414648 -->354.21M
2015-08-22 12:46:28 1440000  371675144 -->354.46M
2015-08-22 12:46:28 1441000  371936856 -->354.71M
2015-08-22 12:46:28 1442000  372198376 -->354.96M
2015-08-22 12:46:28 1443000  372459384 -->355.20M
2015-08-22 12:46:28 1444000  372720200 -->355.45M
2015-08-22 12:46:28 1445000  372981176 -->355.70M
2015-08-22 12:46:28 1446000  373242376 -->355.95M
2015-08-22 12:46:28 1447000  373503960 -->356.20M
2015-08-22 12:46:28 1448000  373765768 -->356.45M
2015-08-22 12:46:29 1449000  374026872 -->356.70M
2015-08-22 12:46:29 1450000  374288216 -->356.95M
2015-08-22 12:46:29 1451000  374549560 -->357.20M
2015-08-22 12:46:29 1452000  374811128 -->357.45M
2015-08-22 12:46:29 1453000  375070504 -->357.70M
2015-08-22 12:46:29 1454000  375328648 -->357.94M
2015-08-22 12:46:29 1455000  375589896 -->358.19M
2015-08-22 12:46:29 1456000  375851080 -->358.44M
2015-08-22 12:46:29 1457000  376112152 -->358.69M
2015-08-22 12:46:29 1458000  376371896 -->358.94M
2015-08-22 12:46:29 1459000  376632920 -->359.19M
2015-08-22 12:46:30 1460000  376894376 -->359.43M
2015-08-22 12:46:30 1461000  377155176 -->359.68M
2015-08-22 12:46:30 1462000  377416184 -->359.93M
2015-08-22 12:46:30 1463000  377676776 -->360.18M
2015-08-22 12:46:30 1464000  377937336 -->360.43M
2015-08-22 12:46:30 1465000  378198168 -->360.68M
2015-08-22 12:46:30 1466000  378459768 -->360.93M
2015-08-22 12:46:30 1467000  378721096 -->361.18M
2015-08-22 12:46:30 1468000  378982488 -->361.43M
2015-08-22 12:46:30 1469000  379242600 -->361.67M
2015-08-22 12:46:30 1470000  379504408 -->361.92M
2015-08-22 12:46:30 1471000  379765816 -->362.17M
2015-08-22 12:46:31 1472000  380026760 -->362.42M
2015-08-22 12:46:31 1473000  380288376 -->362.67M
2015-08-22 12:46:31 1474000  380549128 -->362.92M
2015-08-22 12:46:31 1475000  380810040 -->363.17M
2015-08-22 12:46:31 1476000  381070312 -->363.42M
2015-08-22 12:46:31 1477000  381331528 -->363.67M
2015-08-22 12:46:31 1478000  381593384 -->363.92M
2015-08-22 12:46:31 1479000  381854040 -->364.16M
2015-08-22 12:46:31 1480000  382115256 -->364.41M
2015-08-22 12:46:31 1481000  382376968 -->364.66M
2015-08-22 12:46:31 1482000  382638232 -->364.91M
2015-08-22 12:46:32 1483000  382899560 -->365.16M
2015-08-22 12:46:32 1484000  383161080 -->365.41M
2015-08-22 12:46:32 1485000  383422344 -->365.66M
2015-08-22 12:46:32 1486000  383682936 -->365.91M
2015-08-22 12:46:32 1487000  383942280 -->366.16M
2015-08-22 12:46:32 1488000  384202456 -->366.40M
2015-08-22 12:46:32 1489000  384463192 -->366.65M
2015-08-22 12:46:32 1490000  384723704 -->366.90M
2015-08-22 12:46:32 1491000  384984152 -->367.15M
2015-08-22 12:46:32 1492000  385245160 -->367.40M
2015-08-22 12:46:32 1493000  385505736 -->367.65M
2015-08-22 12:46:33 1494000  385766920 -->367.90M
2015-08-22 12:46:33 1495000  386028728 -->368.15M
2015-08-22 12:46:33 1496000  386290120 -->368.39M
2015-08-22 12:46:33 1497000  386551368 -->368.64M
2015-08-22 12:46:33 1498000  386812536 -->368.89M
2015-08-22 12:46:33 1499000  387073176 -->369.14M
2015-08-22 12:46:33 1500000  387333912 -->369.39M
2015-08-22 12:46:33 1501000  387595240 -->369.64M
2015-08-22 12:46:33 1502000  387856600 -->369.89M
2015-08-22 12:46:33 1503000  388117560 -->370.14M
2015-08-22 12:46:33 1504000  388378616 -->370.39M
2015-08-22 12:46:33 1505000  388640072 -->370.64M
2015-08-22 12:46:34 1506000  388900664 -->370.88M
2015-08-22 12:46:34 1507000  389161656 -->371.13M
2015-08-22 12:46:34 1508000  389422744 -->371.38M
2015-08-22 12:46:34 1509000  389683256 -->371.63M
2015-08-22 12:46:34 1510000  389944456 -->371.88M
2015-08-22 12:46:34 1511000  390204440 -->372.13M
2015-08-22 12:46:34 1512000  390465256 -->372.38M
2015-08-22 12:46:34 1513000  390726280 -->372.63M
2015-08-22 12:46:34 1514000  390987096 -->372.87M
2015-08-22 12:46:34 1515000  391248184 -->373.12M
2015-08-22 12:46:34 1516000  391509432 -->373.37M
2015-08-22 12:46:35 1517000  391770744 -->373.62M
2015-08-22 12:46:35 1518000  392031592 -->373.87M
2015-08-22 12:46:35 1519000  392292424 -->374.12M
2015-08-22 12:46:35 1520000  392553896 -->374.37M
2015-08-22 12:46:35 1521000  392814872 -->374.62M
2015-08-22 12:46:35 1522000  393075736 -->374.87M
2015-08-22 12:46:35 1523000  393336984 -->375.12M
2015-08-22 12:46:35 1524000  393598456 -->375.36M
2015-08-22 12:46:35 1525000  393861144 -->375.62M
2015-08-22 12:46:35 1526000  394121960 -->375.86M
2015-08-22 12:46:35 1527000  394382984 -->376.11M
2015-08-22 12:46:36 1528000  394644200 -->376.36M
2015-08-22 12:46:36 1529000  394904568 -->376.61M
2015-08-22 12:46:36 1530000  395166008 -->376.86M
2015-08-22 12:46:36 1531000  395427304 -->377.11M
2015-08-22 12:46:36 1532000  395688008 -->377.36M
2015-08-22 12:46:36 1533000  395949528 -->377.61M
2015-08-22 12:46:36 1534000  396209960 -->377.86M
2015-08-22 12:46:36 1535000  396471160 -->378.10M
2015-08-22 12:46:36 1536000  396732184 -->378.35M
2015-08-22 12:46:36 1537000  396992616 -->378.60M
2015-08-22 12:46:36 1538000  397253800 -->378.85M
2015-08-22 12:46:37 1539000  397515192 -->379.10M
2015-08-22 12:46:37 1540000  397777144 -->379.35M
2015-08-22 12:46:37 1541000  398039336 -->379.60M
2015-08-22 12:46:37 1542000  398299768 -->379.85M
2015-08-22 12:46:37 1543000  398560152 -->380.10M
2015-08-22 12:46:37 1544000  398815688 -->380.34M
2015-08-22 12:46:37 1545000  399076504 -->380.59M
2015-08-22 12:46:37 1546000  399338376 -->380.84M
2015-08-22 12:46:37 1547000  399599576 -->381.09M
2015-08-22 12:46:37 1548000  399860696 -->381.34M
2015-08-22 12:46:37 1549000  400121512 -->381.59M
2015-08-22 12:46:38 1550000  400382152 -->381.83M
2015-08-22 12:46:38 1551000  400643208 -->382.08M
2015-08-22 12:46:38 1552000  400904056 -->382.33M
2015-08-22 12:46:38 1553000  401165160 -->382.58M
2015-08-22 12:46:38 1554000  401426968 -->382.83M
2015-08-22 12:46:38 1555000  401688248 -->383.08M
2015-08-22 12:46:38 1556000  401949864 -->383.33M
2015-08-22 12:46:38 1557000  402211096 -->383.58M
2015-08-22 12:46:38 1558000  402471832 -->383.83M
2015-08-22 12:46:38 1559000  402732664 -->384.08M
2015-08-22 12:46:38 1560000  402993736 -->384.32M
2015-08-22 12:46:38 1561000  403254968 -->384.57M
2015-08-22 12:46:39 1562000  403517048 -->384.82M
2015-08-22 12:46:39 1563000  403778008 -->385.07M
2015-08-22 12:46:39 1564000  404038712 -->385.32M
2015-08-22 12:46:39 1565000  404299800 -->385.57M
2015-08-22 12:46:39 1566000  404560504 -->385.82M
2015-08-22 12:46:39 1567000  404821336 -->386.07M
2015-08-22 12:46:39 1568000  405082456 -->386.32M
2015-08-22 12:46:39 1569000  405343384 -->386.57M
2015-08-22 12:46:39 1570000  405604648 -->386.81M
2015-08-22 12:46:39 1571000  405866280 -->387.06M
2015-08-22 12:46:39 1572000  406127816 -->387.31M
2015-08-22 12:46:40 1573000  406388792 -->387.56M
2015-08-22 12:46:40 1574000  406649944 -->387.81M
2015-08-22 12:46:40 1575000  406910664 -->388.06M
2015-08-22 12:46:40 1576000  407172520 -->388.31M
2015-08-22 12:46:40 1577000  407433464 -->388.56M
2015-08-22 12:46:40 1578000  407694984 -->388.81M
2015-08-22 12:46:40 1579000  407955944 -->389.06M
2015-08-22 12:46:40 1580000  408217096 -->389.31M
2015-08-22 12:46:40 1581000  408478472 -->389.56M
2015-08-22 12:46:40 1582000  408740056 -->389.80M
2015-08-22 12:46:40 1583000  409000072 -->390.05M
2015-08-22 12:46:41 1584000  409261912 -->390.30M
2015-08-22 12:46:41 1585000  409523016 -->390.55M
2015-08-22 12:46:41 1586000  409783288 -->390.80M
2015-08-22 12:46:41 1587000  410044184 -->391.05M
2015-08-22 12:46:41 1588000  410305960 -->391.30M
2015-08-22 12:46:41 1589000  410565112 -->391.55M
2015-08-22 12:46:41 1590000  410825992 -->391.79M
2015-08-22 12:46:41 1591000  411087112 -->392.04M
2015-08-22 12:46:41 1592000  411348600 -->392.29M
2015-08-22 12:46:41 1593000  411608936 -->392.54M
2015-08-22 12:46:41 1594000  411868392 -->392.79M
2015-08-22 12:46:42 1595000  412129912 -->393.04M
2015-08-22 12:46:42 1596000  412391320 -->393.29M
2015-08-22 12:46:42 1597000  412652680 -->393.54M
2015-08-22 12:46:42 1598000  412913192 -->393.78M
2015-08-22 12:46:42 1599000  413174104 -->394.03M
2015-08-22 12:46:42 1600000  413434552 -->394.28M
2015-08-22 12:46:42 1601000  413695496 -->394.53M
2015-08-22 12:46:42 1602000  413956952 -->394.78M
2015-08-22 12:46:42 1603000  414215256 -->395.03M
2015-08-22 12:46:42 1604000  414476232 -->395.28M
2015-08-22 12:46:43 1605000  414736232 -->395.52M
2015-08-22 12:46:43 1606000  414997048 -->395.77M
2015-08-22 12:46:43 1607000  415258312 -->396.02M
2015-08-22 12:46:43 1608000  415517320 -->396.27M
2015-08-22 12:46:43 1609000  415777384 -->396.52M
2015-08-22 12:46:43 1610000  416038936 -->396.77M
2015-08-22 12:46:43 1611000  416300216 -->397.01M
2015-08-22 12:46:43 1612000  416561640 -->397.26M
2015-08-22 12:46:43 1613000  416822168 -->397.51M
2015-08-22 12:46:43 1614000  417082648 -->397.76M
2015-08-22 12:46:43 1615000  417343256 -->398.01M
2015-08-22 12:46:44 1616000  417601016 -->398.26M
2015-08-22 12:46:44 1617000  417862296 -->398.50M
2015-08-22 12:46:44 1618000  418123608 -->398.75M
2015-08-22 12:46:44 1619000  418383928 -->399.00M
2015-08-22 12:46:44 1620000  418644696 -->399.25M
2015-08-22 12:46:44 1621000  418906408 -->399.50M
2015-08-22 12:46:44 1622000  419167176 -->399.75M
2015-08-22 12:46:44 1623000  419428184 -->400.00M
2015-08-22 12:46:44 1624000  419689032 -->400.25M
2015-08-22 12:46:44 1625000  419948984 -->400.49M
2015-08-22 12:46:44 1626000  420209816 -->400.74M
2015-08-22 12:46:44 1627000  420471000 -->400.99M
2015-08-22 12:46:45 1628000  420732152 -->401.24M
2015-08-22 12:46:45 1629000  420993128 -->401.49M
2015-08-22 12:46:45 1630000  421253912 -->401.74M
2015-08-22 12:46:45 1631000  421515416 -->401.99M
2015-08-22 12:46:45 1632000  421776952 -->402.24M
2015-08-22 12:46:45 1633000  422037752 -->402.49M
2015-08-22 12:46:45 1634000  422299112 -->402.74M
2015-08-22 12:46:45 1635000  422561096 -->402.99M
2015-08-22 12:46:45 1636000  422822744 -->403.24M
2015-08-22 12:46:45 1637000  423083928 -->403.48M
2015-08-22 12:46:45 1638000  423345304 -->403.73M
2015-08-22 12:46:46 1639000  423606664 -->403.98M
2015-08-22 12:46:46 1640000  423866952 -->404.23M
2015-08-22 12:46:46 1641000  424128760 -->404.48M
2015-08-22 12:46:46 1642000  424389848 -->404.73M
2015-08-22 12:46:46 1643000  424651272 -->404.98M
2015-08-22 12:46:46 1644000  424912008 -->405.23M
2015-08-22 12:46:46 1645000  425173016 -->405.48M
2015-08-22 12:46:46 1646000  425434296 -->405.73M
2015-08-22 12:46:46 1647000  425694984 -->405.97M
2015-08-22 12:46:46 1648000  425955480 -->406.22M
2015-08-22 12:46:46 1649000  426216616 -->406.47M
2015-08-22 12:46:47 1650000  426476472 -->406.72M
2015-08-22 12:46:47 1651000  426737576 -->406.97M
2015-08-22 12:46:47 1652000  426998264 -->407.22M
2015-08-22 12:46:47 1653000  427258712 -->407.47M
2015-08-22 12:46:47 1654000  427519384 -->407.71M
2015-08-22 12:46:47 1655000  427780728 -->407.96M
2015-08-22 12:46:47 1656000  428041592 -->408.21M
2015-08-22 12:46:47 1657000  428301528 -->408.46M
2015-08-22 12:46:47 1658000  428562936 -->408.71M
2015-08-22 12:46:47 1659000  428823720 -->408.96M
2015-08-22 12:46:47 1660000  429084040 -->409.21M
2015-08-22 12:46:48 1661000  429344376 -->409.45M
2015-08-22 12:46:48 1662000  429605352 -->409.70M
2015-08-22 12:46:48 1663000  429866424 -->409.95M
2015-08-22 12:46:48 1664000  430127144 -->410.20M
2015-08-22 12:46:48 1665000  430388296 -->410.45M
2015-08-22 12:46:48 1666000  430649640 -->410.70M
2015-08-22 12:46:48 1667000  430910280 -->410.95M
2015-08-22 12:46:48 1668000  431171560 -->411.20M
2015-08-22 12:46:48 1669000  431432456 -->411.45M
2015-08-22 12:46:48 1670000  431693192 -->411.69M
2015-08-22 12:46:48 1671000  431954792 -->411.94M
2015-08-22 12:46:49 1672000  432215800 -->412.19M
2015-08-22 12:46:49 1673000  432476616 -->412.44M
2015-08-22 12:46:49 1674000  432738072 -->412.69M
2015-08-22 12:46:49 1675000  432999496 -->412.94M
2015-08-22 12:46:49 1676000  433260792 -->413.19M
2015-08-22 12:46:49 1677000  433521592 -->413.44M
2015-08-22 12:46:49 1678000  433782664 -->413.69M
2015-08-22 12:46:49 1679000  434043656 -->413.94M
2015-08-22 12:46:49 1680000  434304888 -->414.19M
2015-08-22 12:46:49 1681000  434566040 -->414.43M
2015-08-22 12:46:50 1682000  434826952 -->414.68M
2015-08-22 12:46:50 1683000  435087752 -->414.93M
2015-08-22 12:46:50 1684000  435348792 -->415.18M
2015-08-22 12:46:50 1685000  435610232 -->415.43M
2015-08-22 12:46:50 1686000  435871496 -->415.68M
2015-08-22 12:46:50 1687000  436132808 -->415.93M
2015-08-22 12:46:50 1688000  436393832 -->416.18M
2015-08-22 12:46:50 1689000  436654424 -->416.43M
2015-08-22 12:46:50 1690000  436915848 -->416.68M
2015-08-22 12:46:50 1691000  437177032 -->416.92M
2015-08-22 12:46:50 1692000  437438952 -->417.17M
2015-08-22 12:46:51 1693000  437700440 -->417.42M
2015-08-22 12:46:51 1694000  437960856 -->417.67M
2015-08-22 12:46:51 1695000  438222232 -->417.92M
2015-08-22 12:46:51 1696000  438483304 -->418.17M
2015-08-22 12:46:51 1697000  438744920 -->418.42M
2015-08-22 12:46:51 1698000  439005608 -->418.67M
2015-08-22 12:46:51 1699000  439266360 -->418.92M
2015-08-22 12:46:51 1700000  439527624 -->419.17M
2015-08-22 12:46:51 1701000  439788664 -->419.42M
2015-08-22 12:46:51 1702000  440049384 -->419.66M
2015-08-22 12:46:51 1703000  440309864 -->419.91M
2015-08-22 12:46:52 1704000  440570888 -->420.16M
2015-08-22 12:46:52 1705000  440832408 -->420.41M
2015-08-22 12:46:52 1706000  441093368 -->420.66M
2015-08-22 12:46:52 1707000  441354488 -->420.91M
2015-08-22 12:46:52 1708000  441615192 -->421.16M
2015-08-22 12:46:52 1709000  441876536 -->421.41M
2015-08-22 12:46:52 1710000  442137176 -->421.65M
2015-08-22 12:46:52 1711000  442397864 -->421.90M
2015-08-22 12:46:52 1712000  442658536 -->422.15M
2015-08-22 12:46:52 1713000  442919368 -->422.40M
2015-08-22 12:46:52 1714000  443180760 -->422.65M
2015-08-22 12:46:53 1715000  443442472 -->422.90M
2015-08-22 12:46:53 1716000  443704232 -->423.15M
2015-08-22 12:46:53 1717000  443965432 -->423.40M
2015-08-22 12:46:53 1718000  444225544 -->423.65M
2015-08-22 12:46:53 1719000  444486728 -->423.90M
2015-08-22 12:46:53 1720000  444748104 -->424.14M
2015-08-22 12:46:53 1721000  445008360 -->424.39M
2015-08-22 12:46:53 1722000  445269544 -->424.64M
2015-08-22 12:46:53 1723000  445529752 -->424.89M
2015-08-22 12:46:53 1724000  445791208 -->425.14M
2015-08-22 12:46:53 1725000  446053416 -->425.39M
2015-08-22 12:46:54 1726000  446314120 -->425.64M
2015-08-22 12:46:54 1727000  446575320 -->425.89M
2015-08-22 12:46:54 1728000  446836520 -->426.14M
2015-08-22 12:46:54 1729000  447098056 -->426.39M
2015-08-22 12:46:54 1730000  447358616 -->426.63M
2015-08-22 12:46:54 1731000  447619368 -->426.88M
2015-08-22 12:46:54 1732000  447881160 -->427.13M
2015-08-22 12:46:54 1733000  448143096 -->427.38M
2015-08-22 12:46:54 1734000  448403272 -->427.63M
2015-08-22 12:46:54 1735000  448664184 -->427.88M
2015-08-22 12:46:54 1736000  448925064 -->428.13M
2015-08-22 12:46:55 1737000  449186456 -->428.38M
2015-08-22 12:46:55 1738000  449447496 -->428.63M
2015-08-22 12:46:55 1739000  449708456 -->428.88M
2015-08-22 12:46:55 1740000  449970456 -->429.13M
2015-08-22 12:46:55 1741000  450231080 -->429.37M
2015-08-22 12:46:55 1742000  450492328 -->429.62M
2015-08-22 12:46:55 1743000  450753464 -->429.87M
2015-08-22 12:46:55 1744000  451014888 -->430.12M
2015-08-22 12:46:55 1745000  451276472 -->430.37M
2015-08-22 12:46:55 1746000  451537288 -->430.62M
2015-08-22 12:46:55 1747000  451798728 -->430.87M
2015-08-22 12:46:56 1748000  452059416 -->431.12M
2015-08-22 12:46:56 1749000  452321032 -->431.37M
2015-08-22 12:46:56 1750000  452582072 -->431.62M
2015-08-22 12:46:56 1751000  452842760 -->431.86M
2015-08-22 12:46:56 1752000  453103192 -->432.11M
2015-08-22 12:46:56 1753000  453363832 -->432.36M
2015-08-22 12:46:56 1754000  453624712 -->432.61M
2015-08-22 12:46:56 1755000  453886392 -->432.86M
2015-08-22 12:46:56 1756000  454147128 -->433.11M
2015-08-22 12:46:56 1757000  454407976 -->433.36M
2015-08-22 12:46:56 1758000  454669080 -->433.61M
2015-08-22 12:46:57 1759000  454930008 -->433.86M
2015-08-22 12:46:57 1760000  455190872 -->434.10M
2015-08-22 12:46:57 1761000  455452344 -->434.35M
2015-08-22 12:46:57 1762000  455713720 -->434.60M
2015-08-22 12:46:57 1763000  455974952 -->434.85M
2015-08-22 12:46:57 1764000  456235752 -->435.10M
2015-08-22 12:46:57 1765000  456495960 -->435.35M
2015-08-22 12:46:57 1766000  456757016 -->435.60M
2015-08-22 12:46:57 1767000  457018120 -->435.85M
2015-08-22 12:46:57 1768000  457278920 -->436.10M
2015-08-22 12:46:57 1769000  457540200 -->436.34M
2015-08-22 12:46:57 1770000  457801560 -->436.59M
2015-08-22 12:46:58 1771000  458062392 -->436.84M
2015-08-22 12:46:58 1772000  458323768 -->437.09M
2015-08-22 12:46:58 1773000  458584488 -->437.34M
2015-08-22 12:46:58 1774000  458845608 -->437.59M
2015-08-22 12:46:58 1775000  459107128 -->437.84M
2015-08-22 12:46:58 1776000  459367864 -->438.09M
2015-08-22 12:46:58 1777000  459628968 -->438.34M
2015-08-22 12:46:58 1778000  459890168 -->438.59M
2015-08-22 12:46:58 1779000  460151160 -->438.83M
2015-08-22 12:46:58 1780000  460412264 -->439.08M
2015-08-22 12:46:58 1781000  460670936 -->439.33M
2015-08-22 12:46:59 1782000  460931112 -->439.58M
2015-08-22 12:46:59 1783000  461191688 -->439.83M
2015-08-22 12:46:59 1784000  461453064 -->440.08M
2015-08-22 12:46:59 1785000  461714664 -->440.33M
2015-08-22 12:46:59 1786000  461975464 -->440.57M
2015-08-22 12:46:59 1787000  462236184 -->440.82M
2015-08-22 12:46:59 1788000  462496472 -->441.07M
2015-08-22 12:46:59 1789000  462756424 -->441.32M
2015-08-22 12:46:59 1790000  463017016 -->441.57M
2015-08-22 12:46:59 1791000  463277784 -->441.82M
2015-08-22 12:46:59 1792000  463538184 -->442.06M
2015-08-22 12:47:00 1793000  463799400 -->442.31M
2015-08-22 12:47:00 1794000  464060792 -->442.56M
2015-08-22 12:47:00 1795000  464321608 -->442.81M
2015-08-22 12:47:00 1796000  464582984 -->443.06M
2015-08-22 12:47:00 1797000  464844792 -->443.31M
2015-08-22 12:47:00 1798000  465105992 -->443.56M
2015-08-22 12:47:00 1799000  465367400 -->443.81M
2015-08-22 12:47:00 1800000  465629272 -->444.06M
2015-08-22 12:47:00 1801000  465890168 -->444.31M
2015-08-22 12:47:00 1802000  466151432 -->444.56M
2015-08-22 12:47:00 1803000  466412280 -->444.81M
2015-08-22 12:47:01 1804000  466672856 -->445.05M
2015-08-22 12:47:01 1805000  466933208 -->445.30M
2015-08-22 12:47:01 1806000  467194664 -->445.55M
2015-08-22 12:47:01 1807000  467456664 -->445.80M
2015-08-22 12:47:01 1808000  467717512 -->446.05M
2015-08-22 12:47:01 1809000  467978280 -->446.30M
2015-08-22 12:47:01 1810000  468239352 -->446.55M
2015-08-22 12:47:01 1811000  468500408 -->446.80M
2015-08-22 12:47:01 1812000  468761272 -->447.05M
2015-08-22 12:47:01 1813000  469022584 -->447.29M
2015-08-22 12:47:01 1814000  469283048 -->447.54M
2015-08-22 12:47:02 1815000  469543992 -->447.79M
2015-08-22 12:47:02 1816000  469804728 -->448.04M
2015-08-22 12:47:02 1817000  470066152 -->448.29M
2015-08-22 12:47:02 1818000  470327048 -->448.54M
2015-08-22 12:47:02 1819000  470588136 -->448.79M
2015-08-22 12:47:02 1820000  470849288 -->449.04M
2015-08-22 12:47:02 1821000  471109864 -->449.29M
2015-08-22 12:47:02 1822000  471369416 -->449.53M
2015-08-22 12:47:02 1823000  471630808 -->449.78M
2015-08-22 12:47:02 1824000  471892232 -->450.03M
2015-08-22 12:47:02 1825000  472154072 -->450.28M
2015-08-22 12:47:03 1826000  472414744 -->450.53M
2015-08-22 12:47:03 1827000  472675560 -->450.78M
2015-08-22 12:47:03 1828000  472936888 -->451.03M
2015-08-22 12:47:03 1829000  473197448 -->451.28M
2015-08-22 12:47:03 1830000  473458520 -->451.53M
2015-08-22 12:47:03 1831000  473718968 -->451.77M
2015-08-22 12:47:03 1832000  473977080 -->452.02M
2015-08-22 12:47:03 1833000  474238328 -->452.27M
2015-08-22 12:47:03 1834000  474499480 -->452.52M
2015-08-22 12:47:03 1835000  474760792 -->452.77M
2015-08-22 12:47:03 1836000  475021256 -->453.02M
2015-08-22 12:47:04 1837000  475282552 -->453.26M
2015-08-22 12:47:04 1838000  475543672 -->453.51M
2015-08-22 12:47:04 1839000  475804264 -->453.76M
2015-08-22 12:47:04 1840000  476065624 -->454.01M
2015-08-22 12:47:04 1841000  476327096 -->454.26M
2015-08-22 12:47:04 1842000  476587976 -->454.51M
2015-08-22 12:47:04 1843000  476849160 -->454.76M
2015-08-22 12:47:04 1844000  477110008 -->455.01M
2015-08-22 12:47:04 1845000  477371272 -->455.26M
2015-08-22 12:47:04 1846000  477631816 -->455.51M
2015-08-22 12:47:04 1847000  477892504 -->455.75M
2015-08-22 12:47:05 1848000  478153400 -->456.00M
2015-08-22 12:47:05 1849000  478414280 -->456.25M
2015-08-22 12:47:05 1850000  478675576 -->456.50M
2015-08-22 12:47:05 1851000  478937064 -->456.75M
2015-08-22 12:47:05 1852000  479198392 -->457.00M
2015-08-22 12:47:05 1853000  479459240 -->457.25M
2015-08-22 12:47:05 1854000  479719416 -->457.50M
2015-08-22 12:47:05 1855000  479980808 -->457.75M
2015-08-22 12:47:05 1856000  480241320 -->457.99M
2015-08-22 12:47:05 1857000  480502392 -->458.24M
2015-08-22 12:47:05 1858000  480763336 -->458.49M
2015-08-22 12:47:06 1859000  481024120 -->458.74M
2015-08-22 12:47:06 1860000  481285208 -->458.99M
2015-08-22 12:47:06 1861000  481545912 -->459.24M
2015-08-22 12:47:06 1862000  481805928 -->459.49M
2015-08-22 12:47:06 1863000  482067064 -->459.73M
2015-08-22 12:47:06 1864000  482327640 -->459.98M
2015-08-22 12:47:06 1865000  482589288 -->460.23M
2015-08-22 12:47:06 1866000  482850312 -->460.48M
2015-08-22 12:47:06 1867000  483111576 -->460.73M
2015-08-22 12:47:06 1868000  483371928 -->460.98M
2015-08-22 12:47:06 1869000  483633144 -->461.23M
2015-08-22 12:47:07 1870000  483894840 -->461.48M
2015-08-22 12:47:07 1871000  484156024 -->461.73M
2015-08-22 12:47:07 1872000  484416952 -->461.98M
2015-08-22 12:47:07 1873000  484678792 -->462.23M
2015-08-22 12:47:07 1874000  484939848 -->462.47M
2015-08-22 12:47:07 1875000  485202056 -->462.72M
2015-08-22 12:47:07 1876000  485462856 -->462.97M
2015-08-22 12:47:07 1877000  485723816 -->463.22M
2015-08-22 12:47:07 1878000  485984120 -->463.47M
2015-08-22 12:47:07 1879000  486244888 -->463.72M
2015-08-22 12:47:07 1880000  486506136 -->463.97M
2015-08-22 12:47:07 1881000  486766808 -->464.22M
2015-08-22 12:47:08 1882000  487028520 -->464.47M
2015-08-22 12:47:08 1883000  487289048 -->464.72M
2015-08-22 12:47:08 1884000  487549832 -->464.96M
2015-08-22 12:47:08 1885000  487809976 -->465.21M
2015-08-22 12:47:08 1886000  488070072 -->465.46M
2015-08-22 12:47:08 1887000  488331928 -->465.71M
2015-08-22 12:47:08 1888000  488589144 -->465.95M
2015-08-22 12:47:08 1889000  488850376 -->466.20M
2015-08-22 12:47:08 1890000  489111288 -->466.45M
2015-08-22 12:47:08 1891000  489371944 -->466.70M
2015-08-22 12:47:08 1892000  489633480 -->466.95M
2015-08-22 12:47:09 1893000  489894200 -->467.20M
2015-08-22 12:47:09 1894000  490155864 -->467.45M
2015-08-22 12:47:09 1895000  490417160 -->467.70M
2015-08-22 12:47:09 1896000  490678552 -->467.95M
2015-08-22 12:47:09 1897000  490939960 -->468.20M
2015-08-22 12:47:09 1898000  491202008 -->468.45M
2015-08-22 12:47:10 1899000  491462488 -->468.70M
2015-08-22 12:47:10 1900000  491723240 -->468.94M
2015-08-22 12:47:10 1901000  491984280 -->469.19M
2015-08-22 12:47:10 1902000  492245368 -->469.44M
2015-08-22 12:47:10 1903000  492507192 -->469.69M
2015-08-22 12:47:10 1904000  492768568 -->469.94M
2015-08-22 12:47:11 1905000  493029592 -->470.19M
2015-08-22 12:47:11 1906000  493290424 -->470.44M
2015-08-22 12:47:11 1907000  493552072 -->470.69M
2015-08-22 12:47:11 1908000  493810984 -->470.93M
2015-08-22 12:47:11 1909000  494072536 -->471.18M
2015-08-22 12:47:11 1910000  494333352 -->471.43M
2015-08-22 12:47:12 1911000  494595048 -->471.68M
2015-08-22 12:47:12 1912000  494853560 -->471.93M
2015-08-22 12:47:12 1913000  495114184 -->472.18M
2015-08-22 12:47:12 1914000  495375368 -->472.43M
2015-08-22 12:47:12 1915000  495636968 -->472.68M
2015-08-22 12:47:12 1916000  495897112 -->472.92M
2015-08-22 12:47:12 1917000  496157928 -->473.17M
2015-08-22 12:47:13 1918000  496418120 -->473.42M
2015-08-22 12:47:13 1919000  496678728 -->473.67M
2015-08-22 12:47:13 1920000  496939624 -->473.92M
2015-08-22 12:47:13 1921000  497200744 -->474.17M
2015-08-22 12:47:13 1922000  497461784 -->474.42M
2015-08-22 12:47:13 1923000  497723512 -->474.67M
2015-08-22 12:47:14 1924000  497984488 -->474.92M
2015-08-22 12:47:14 1925000  498244312 -->475.16M
2015-08-22 12:47:14 1926000  498504936 -->475.41M
2015-08-22 12:47:14 1927000  498766456 -->475.66M
2015-08-22 12:47:14 1928000  499027720 -->475.91M
2015-08-22 12:47:14 1929000  499288680 -->476.16M
2015-08-22 12:47:15 1930000  499549624 -->476.41M
2015-08-22 12:47:15 1931000  499810696 -->476.66M
2015-08-22 12:47:15 1932000  500072248 -->476.91M
2015-08-22 12:47:15 1933000  500333208 -->477.15M
2015-08-22 12:47:15 1934000  500594280 -->477.40M
2015-08-22 12:47:15 1935000  500855224 -->477.65M
2015-08-22 12:47:15 1936000  501117240 -->477.90M
2015-08-22 12:47:15 1937000  501377880 -->478.15M
2015-08-22 12:47:15 1938000  501639000 -->478.40M
2015-08-22 12:47:16 1939000  501899704 -->478.65M
2015-08-22 12:47:16 1940000  502160440 -->478.90M
2015-08-22 12:47:16 1941000  502421592 -->479.15M
2015-08-22 12:47:16 1942000  502682344 -->479.40M
2015-08-22 12:47:16 1943000  502943272 -->479.64M
2015-08-22 12:47:16 1944000  503204696 -->479.89M
2015-08-22 12:47:16 1945000  503465656 -->480.14M
2015-08-22 12:47:17 1946000  503726408 -->480.39M
2015-08-22 12:47:17 1947000  503987192 -->480.64M
2015-08-22 12:47:17 1948000  504247128 -->480.89M
2015-08-22 12:47:17 1949000  504509144 -->481.14M
2015-08-22 12:47:17 1950000  504770072 -->481.39M
2015-08-22 12:47:17 1951000  505030952 -->481.64M
2015-08-22 12:47:18 1952000  505291976 -->481.88M
2015-08-22 12:47:18 1953000  505553592 -->482.13M
2015-08-22 12:47:18 1954000  505814728 -->482.38M
2015-08-22 12:47:18 1955000  506075368 -->482.63M
2015-08-22 12:47:18 1956000  506337304 -->482.88M
2015-08-22 12:47:18 1957000  506597912 -->483.13M
2015-08-22 12:47:19 1958000  506858232 -->483.38M
2015-08-22 12:47:19 1959000  507118168 -->483.63M
2015-08-22 12:47:19 1960000  507379624 -->483.87M
2015-08-22 12:47:19 1961000  507640408 -->484.12M
2015-08-22 12:47:19 1962000  507899272 -->484.37M
2015-08-22 12:47:19 1963000  508160360 -->484.62M
2015-08-22 12:47:19 1964000  508420744 -->484.87M
2015-08-22 12:47:19 1965000  508682328 -->485.12M
2015-08-22 12:47:19 1966000  508944248 -->485.37M
2015-08-22 12:47:19 1967000  509203448 -->485.61M
2015-08-22 12:47:20 1968000  509464472 -->485.86M
2015-08-22 12:47:20 1969000  509725464 -->486.11M
2015-08-22 12:47:20 1970000  509987464 -->486.36M
2015-08-22 12:47:20 1971000  510248552 -->486.61M
2015-08-22 12:47:20 1972000  510509736 -->486.86M
2015-08-22 12:47:20 1973000  510770936 -->487.11M
2015-08-22 12:47:20 1974000  511032648 -->487.36M
2015-08-22 12:47:20 1975000  511293112 -->487.61M
2015-08-22 12:47:21 1976000  511553928 -->487.86M
2015-08-22 12:47:21 1977000  511815288 -->488.11M
2015-08-22 12:47:21 1978000  512075592 -->488.35M
2015-08-22 12:47:21 1979000  512335992 -->488.60M
2015-08-22 12:47:21 1980000  512597336 -->488.85M
2015-08-22 12:47:22 1981000  512858216 -->489.10M
2015-08-22 12:47:22 1982000  513119544 -->489.35M
2015-08-22 12:47:22 1983000  513380632 -->489.60M
2015-08-22 12:47:22 1984000  513641144 -->489.85M
2015-08-22 12:47:22 1985000  513902440 -->490.10M
2015-08-22 12:47:22 1986000  514163704 -->490.34M
2015-08-22 12:47:23 1987000  514424616 -->490.59M
2015-08-22 12:47:23 1988000  514685928 -->490.84M
2015-08-22 12:47:23 1989000  514947144 -->491.09M
2015-08-22 12:47:23 1990000  515209672 -->491.34M
2015-08-22 12:47:23 1991000  515470728 -->491.59M
2015-08-22 12:47:24 1992000  515732600 -->491.84M
2015-08-22 12:47:24 1993000  515993720 -->492.09M
2015-08-22 12:47:24 1994000  516254856 -->492.34M
2015-08-22 12:47:24 1995000  516515720 -->492.59M
2015-08-22 12:47:24 1996000  516777720 -->492.84M
2015-08-22 12:47:24 1997000  517038472 -->493.09M
2015-08-22 12:47:25 1998000  517299816 -->493.34M
2015-08-22 12:47:25 1999000  517560792 -->493.58M
2015-08-22 12:47:25 2000000  517821688 -->493.83M
